Nov 26, 2024 7:44:35 PM TicketingSystem main
INFO: Starting the Ticketing System CLI
Nov 26, 2024 7:44:39 PM TicketingSystem main
INFO: Loaded configuration from file successfully.
Nov 26, 2024 7:44:39 PM TicketPool <init>
INFO: Ticket pool initialized with maxCapacity: 10
Nov 26, 2024 7:44:42 PM TicketPool retrieveTicket
INFO: Customer is waiting for tickets...
Nov 26, 2024 7:44:42 PM TicketPool getCurrentSize
INFO: Current ticket pool size: 0
Nov 26, 2024 7:44:42 PM TicketingSystem monitorTicketingOperations
INFO: Monitoring Ticket Pool: Current Size = 0
Nov 26, 2024 7:44:42 PM Ticket <init>
INFO: Ticket created: Ticket{id=1, vendorId=1}
Nov 26, 2024 7:44:42 PM TicketingSystem monitorTicketingOperations
WARNING: Warning: Ticket pool is empty!
Nov 26, 2024 7:44:42 PM TicketPool addTicket
INFO: Vendor 1 added ticket ID 1
Nov 26, 2024 7:44:42 PM Vendor run
INFO: Vendor 1 added ticket: 1
Nov 26, 2024 7:44:42 PM TicketPool retrieveTicket
INFO: Customer retrieved ticket ID 1
Nov 26, 2024 7:44:42 PM Ticket <init>
INFO: Ticket created: Ticket{id=2, vendorId=1}
Nov 26, 2024 7:44:42 PM TicketPool addTicket
INFO: Vendor 1 added ticket ID 2
Nov 26, 2024 7:44:42 PM Vendor run
INFO: Vendor 1 added ticket: 2
Nov 26, 2024 7:44:42 PM Ticket <init>
INFO: Ticket created: Ticket{id=3, vendorId=1}
Nov 26, 2024 7:44:42 PM TicketPool addTicket
INFO: Vendor 1 added ticket ID 3
Nov 26, 2024 7:44:42 PM Customer run
INFO: Customer 1 successfully purchased ticket ID 1
Nov 26, 2024 7:44:42 PM TicketPool retrieveTicket
INFO: Customer retrieved ticket ID 2
Nov 26, 2024 7:44:42 PM Vendor run
INFO: Vendor 1 added ticket: 3
Nov 26, 2024 7:44:42 PM Ticket <init>
INFO: Ticket created: Ticket{id=4, vendorId=1}
Nov 26, 2024 7:44:42 PM TicketPool addTicket
INFO: Vendor 1 added ticket ID 4
Nov 26, 2024 7:44:42 PM Vendor run
INFO: Vendor 1 added ticket: 4
Nov 26, 2024 7:44:42 PM Ticket <init>
INFO: Ticket created: Ticket{id=5, vendorId=1}
Nov 26, 2024 7:44:42 PM TicketPool addTicket
INFO: Vendor 1 added ticket ID 5
Nov 26, 2024 7:44:42 PM Vendor run
INFO: Vendor 1 added ticket: 5
Nov 26, 2024 7:44:42 PM Customer run
INFO: Customer 1 successfully purchased ticket ID 2
Nov 26, 2024 7:44:43 PM Ticket <init>
INFO: Ticket created: Ticket{id=6, vendorId=1}
Nov 26, 2024 7:44:43 PM TicketPool addTicket
INFO: Vendor 1 added ticket ID 6
Nov 26, 2024 7:44:43 PM Vendor run
INFO: Vendor 1 added ticket: 6
Nov 26, 2024 7:44:43 PM Ticket <init>
INFO: Ticket created: Ticket{id=7, vendorId=1}
Nov 26, 2024 7:44:43 PM TicketPool addTicket
INFO: Vendor 1 added ticket ID 7
Nov 26, 2024 7:44:43 PM Vendor run
INFO: Vendor 1 added ticket: 7
Nov 26, 2024 7:44:43 PM Ticket <init>
INFO: Ticket created: Ticket{id=8, vendorId=1}
Nov 26, 2024 7:44:43 PM TicketPool addTicket
INFO: Vendor 1 added ticket ID 8
Nov 26, 2024 7:44:43 PM Vendor run
INFO: Vendor 1 added ticket: 8
Nov 26, 2024 7:44:43 PM Ticket <init>
INFO: Ticket created: Ticket{id=9, vendorId=1}
Nov 26, 2024 7:44:43 PM TicketPool addTicket
INFO: Vendor 1 added ticket ID 9
Nov 26, 2024 7:44:43 PM Vendor run
INFO: Vendor 1 added ticket: 9
Nov 26, 2024 7:44:43 PM Ticket <init>
INFO: Ticket created: Ticket{id=10, vendorId=1}
Nov 26, 2024 7:44:43 PM TicketPool addTicket
INFO: Vendor 1 added ticket ID 10
Nov 26, 2024 7:44:43 PM Vendor run
INFO: Vendor 1 added ticket: 10
Nov 26, 2024 7:44:44 PM TicketPool retrieveTicket
INFO: Customer retrieved ticket ID 3
Nov 26, 2024 7:44:44 PM Customer run
INFO: Customer 1 successfully purchased ticket ID 3
Nov 26, 2024 7:44:44 PM TicketPool retrieveTicket
INFO: Customer retrieved ticket ID 4
Nov 26, 2024 7:44:44 PM Customer run
INFO: Customer 1 successfully purchased ticket ID 4
Nov 26, 2024 7:44:46 PM TicketPool retrieveTicket
INFO: Customer retrieved ticket ID 5
Nov 26, 2024 7:44:46 PM Customer run
INFO: Customer 1 successfully purchased ticket ID 5
Nov 26, 2024 7:44:46 PM TicketPool retrieveTicket
INFO: Customer retrieved ticket ID 6
Nov 26, 2024 7:44:46 PM Customer run
INFO: Customer 1 successfully purchased ticket ID 6
Nov 26, 2024 7:44:47 PM TicketPool getCurrentSize
INFO: Current ticket pool size: 4
Nov 26, 2024 7:44:47 PM TicketingSystem monitorTicketingOperations
INFO: Monitoring Ticket Pool: Current Size = 4
Nov 26, 2024 7:44:48 PM TicketPool retrieveTicket
INFO: Customer retrieved ticket ID 7
Nov 26, 2024 7:44:48 PM Customer run
INFO: Customer 1 successfully purchased ticket ID 7
Nov 26, 2024 7:44:48 PM TicketPool retrieveTicket
INFO: Customer retrieved ticket ID 8
Nov 26, 2024 7:44:48 PM Customer run
INFO: Customer 1 successfully purchased ticket ID 8
Nov 26, 2024 7:44:48 PM Customer run
WARNING: Customer 1 was interrupted.
Nov 26, 2024 7:44:48 PM Customer run
INFO: Customer 1 has finished all attempts.
Nov 26, 2024 7:44:49 PM TicketPool getCurrentSize
INFO: Current ticket pool size: 2
Nov 26, 2024 7:44:49 PM TicketPool updateTicketStatusOnCommand
INFO: TicketStatus table updated successfully with system status: STOP
Nov 26, 2024 7:44:52 PM TicketPool getCurrentSize
INFO: Current ticket pool size: 2
Nov 26, 2024 7:44:52 PM TicketingSystem monitorTicketingOperations
INFO: Monitoring Ticket Pool: Current Size = 2
Nov 26, 2024 7:44:57 PM TicketPool getCurrentSize
INFO: Current ticket pool size: 2
Nov 26, 2024 7:44:57 PM TicketingSystem monitorTicketingOperations
INFO: Monitoring Ticket Pool: Current Size = 2
Nov 26, 2024 7:45:02 PM TicketPool getCurrentSize
INFO: Current ticket pool size: 2
Nov 26, 2024 7:45:02 PM TicketingSystem monitorTicketingOperations
INFO: Monitoring Ticket Pool: Current Size = 2
