Dec 07, 2024 8:14:57 PM TicketingSystem main
INFO: Starting the Ticketing System CLI
Dec 07, 2024 8:15:22 PM SystemConfiguration loadFromFile
INFO: Configuration loaded from file: system_configuration.json
Dec 07, 2024 8:15:22 PM TicketingSystem main
INFO: Loaded configuration from file successfully.
Dec 07, 2024 8:15:22 PM TicketPool <init>
INFO: Ticket pool initialized with maxCapacity: 20
Dec 07, 2024 8:15:23 PM TicketPool getCurrentSize
INFO: Current ticket pool size: 0
Dec 07, 2024 8:15:23 PM TicketingSystem monitorTicketingOperations
INFO: Monitoring Ticket Pool: Current Size = 0
Dec 07, 2024 8:15:23 PM Ticket <init>
INFO: Ticket created: Ticket{id=4, vendorId=5}
Dec 07, 2024 8:15:23 PM TicketPool retrieveTicket
INFO: Customer is waiting for tickets...
Dec 07, 2024 8:15:23 PM Ticket <init>
INFO: Ticket created: Ticket{id=7, vendorId=3}
Dec 07, 2024 8:15:23 PM TicketPool retrieveTicket
INFO: Customer is waiting for tickets...
Dec 07, 2024 8:15:23 PM Ticket <init>
INFO: Ticket created: Ticket{id=3, vendorId=2}
Dec 07, 2024 8:15:23 PM TicketPool retrieveTicket
INFO: Customer is waiting for tickets...
Dec 07, 2024 8:15:23 PM Ticket <init>
INFO: Ticket created: Ticket{id=1, vendorId=4}
Dec 07, 2024 8:15:23 PM Ticket <init>
INFO: Ticket created: Ticket{id=6, vendorId=6}
Dec 07, 2024 8:15:23 PM Ticket <init>
INFO: Ticket created: Ticket{id=2, vendorId=1}
Dec 07, 2024 8:15:23 PM Ticket <init>
INFO: Ticket created: Ticket{id=5, vendorId=1}
Dec 07, 2024 8:15:23 PM TicketingSystem monitorTicketingOperations
WARNING: Ticket pool is empty!
Dec 07, 2024 8:15:23 PM TicketPool retrieveTicket
INFO: Customer is waiting for tickets...
Dec 07, 2024 8:15:23 PM TicketPool addTicket
INFO: Vendor 1 added ticket ID 5
Dec 07, 2024 8:15:23 PM Vendor run
INFO: Vendor 1 added ticket: 5
Dec 07, 2024 8:15:23 PM TicketPool retrieveTicket
INFO: Customer 1 retrieved ticket ID 2
Dec 07, 2024 8:15:23 PM Ticket <init>
INFO: Ticket created: Ticket{id=8, vendorId=1}
Dec 07, 2024 8:15:23 PM TicketPool retrieveTicket
INFO: Customer is waiting for tickets...
Dec 07, 2024 8:15:23 PM Customer run
INFO: Customer 1 purchased ticket 2
Dec 07, 2024 8:15:23 PM Ticket <init>
INFO: Ticket created: Ticket{id=9, vendorId=1}
Dec 07, 2024 8:15:23 PM TicketPool addTicket
INFO: Vendor 1 added ticket ID 8
Dec 07, 2024 8:15:23 PM Vendor run
INFO: Vendor 1 added ticket: 8
Dec 07, 2024 8:15:23 PM TicketPool retrieveTicket
INFO: Customer 4 retrieved ticket ID 1
Dec 07, 2024 8:15:23 PM Customer run
INFO: Customer 4 purchased ticket 1
Dec 07, 2024 8:15:23 PM Ticket <init>
INFO: Ticket created: Ticket{id=11, vendorId=4}
Dec 07, 2024 8:15:23 PM Ticket <init>
INFO: Ticket created: Ticket{id=10, vendorId=1}
Dec 07, 2024 8:15:23 PM TicketPool retrieveTicket
INFO: Customer is waiting for tickets...
Dec 07, 2024 8:15:23 PM TicketPool retrieveTicket
INFO: Customer is waiting for tickets...
Dec 07, 2024 8:15:23 PM TicketPool retrieveTicket
INFO: Customer is waiting for tickets...
Dec 07, 2024 8:15:23 PM TicketPool addTicket
INFO: Vendor 1 added ticket ID 10
Dec 07, 2024 8:15:23 PM Vendor run
INFO: Vendor 1 added ticket: 10
Dec 07, 2024 8:15:23 PM Ticket <init>
INFO: Ticket created: Ticket{id=12, vendorId=1}
Dec 07, 2024 8:15:23 PM TicketPool retrieveTicket
INFO: Customer 4 retrieved ticket ID 11
Dec 07, 2024 8:15:23 PM Customer run
INFO: Customer 4 purchased ticket 11
Dec 07, 2024 8:15:23 PM TicketPool retrieveTicket
INFO: Customer is waiting for tickets...
Dec 07, 2024 8:15:23 PM TicketPool retrieveTicket
INFO: Customer is waiting for tickets...
Dec 07, 2024 8:15:23 PM TicketPool addTicket
INFO: Vendor 1 added ticket ID 12
Dec 07, 2024 8:15:23 PM Vendor run
INFO: Vendor 1 added ticket: 12
Dec 07, 2024 8:15:23 PM TicketPool retrieveTicket
INFO: Customer 5 retrieved ticket ID 4
Dec 07, 2024 8:15:23 PM Ticket <init>
INFO: Ticket created: Ticket{id=13, vendorId=1}
Dec 07, 2024 8:15:23 PM Customer run
INFO: Customer 5 purchased ticket 4
Dec 07, 2024 8:15:23 PM TicketPool retrieveTicket
INFO: Customer is waiting for tickets...
Dec 07, 2024 8:15:23 PM Ticket <init>
INFO: Ticket created: Ticket{id=14, vendorId=5}
Dec 07, 2024 8:15:23 PM TicketPool retrieveTicket
INFO: Customer is waiting for tickets...
Dec 07, 2024 8:15:23 PM TicketPool retrieveTicket
INFO: Customer is waiting for tickets...
Dec 07, 2024 8:15:23 PM TicketPool addTicket
INFO: Vendor 1 added ticket ID 13
Dec 07, 2024 8:15:23 PM Vendor run
INFO: Vendor 1 added ticket: 13
Dec 07, 2024 8:15:23 PM TicketPool retrieveTicket
INFO: Customer 1 retrieved ticket ID 9
Dec 07, 2024 8:15:23 PM Customer run
INFO: Customer 1 purchased ticket 9
Dec 07, 2024 8:15:23 PM TicketPool retrieveTicket
INFO: Customer is waiting for tickets...
Dec 07, 2024 8:15:23 PM TicketPool retrieveTicket
INFO: Customer is waiting for tickets...
Dec 07, 2024 8:15:23 PM TicketPool retrieveTicket
INFO: Customer is waiting for tickets...
Dec 07, 2024 8:15:23 PM TicketPool retrieveTicket
INFO: Customer is waiting for tickets...
Dec 07, 2024 8:15:24 PM Ticket <init>
INFO: Ticket created: Ticket{id=15, vendorId=1}
Dec 07, 2024 8:15:24 PM TicketPool addTicket
INFO: Vendor 1 added ticket ID 15
Dec 07, 2024 8:15:24 PM Vendor run
INFO: Vendor 1 added ticket: 15
Dec 07, 2024 8:15:24 PM Ticket <init>
INFO: Ticket created: Ticket{id=16, vendorId=1}
Dec 07, 2024 8:15:24 PM TicketPool retrieveTicket
INFO: Customer 6 retrieved ticket ID 6
Dec 07, 2024 8:15:24 PM Customer run
INFO: Customer 6 purchased ticket 6
Dec 07, 2024 8:15:24 PM TicketPool addTicket
INFO: Vendor 1 added ticket ID 16
Dec 07, 2024 8:15:24 PM Ticket <init>
INFO: Ticket created: Ticket{id=17, vendorId=6}
Dec 07, 2024 8:15:24 PM Vendor run
INFO: Vendor 1 added ticket: 16
Dec 07, 2024 8:15:24 PM TicketPool retrieveTicket
INFO: Customer 3 retrieved ticket ID 7
Dec 07, 2024 8:15:24 PM Ticket <init>
INFO: Ticket created: Ticket{id=18, vendorId=1}
Dec 07, 2024 8:15:24 PM Customer run
INFO: Customer 3 purchased ticket 7
Dec 07, 2024 8:15:24 PM TicketPool retrieveTicket
INFO: Customer is waiting for tickets...
Dec 07, 2024 8:15:24 PM Ticket <init>
INFO: Ticket created: Ticket{id=19, vendorId=3}
Dec 07, 2024 8:15:24 PM TicketPool retrieveTicket
INFO: Customer is waiting for tickets...
Dec 07, 2024 8:15:24 PM TicketPool retrieveTicket
INFO: Customer is waiting for tickets...
Dec 07, 2024 8:15:24 PM TicketPool addTicket
INFO: Vendor 1 added ticket ID 18
Dec 07, 2024 8:15:24 PM Vendor run
INFO: Vendor 1 added ticket: 18
Dec 07, 2024 8:15:24 PM Ticket <init>
INFO: Ticket created: Ticket{id=20, vendorId=1}
Dec 07, 2024 8:15:24 PM TicketPool retrieveTicket
INFO: Customer 6 retrieved ticket ID 17
Dec 07, 2024 8:15:24 PM Customer run
INFO: Customer 6 purchased ticket 17
Dec 07, 2024 8:15:24 PM TicketPool addTicket
INFO: Vendor 1 added ticket ID 20
Dec 07, 2024 8:15:24 PM Vendor run
INFO: Vendor 1 added ticket: 20
Dec 07, 2024 8:15:24 PM TicketPool retrieveTicket
INFO: Customer 3 retrieved ticket ID 19
Dec 07, 2024 8:15:24 PM Ticket <init>
INFO: Ticket created: Ticket{id=21, vendorId=1}
Dec 07, 2024 8:15:24 PM Customer run
INFO: Customer 3 purchased ticket 19
Dec 07, 2024 8:15:24 PM TicketPool retrieveTicket
INFO: Customer is waiting for tickets...
Dec 07, 2024 8:15:24 PM TicketPool retrieveTicket
INFO: Customer is waiting for tickets...
Dec 07, 2024 8:15:24 PM TicketPool addTicket
INFO: Vendor 1 added ticket ID 21
Dec 07, 2024 8:15:24 PM Vendor run
INFO: Vendor 1 added ticket: 21
Dec 07, 2024 8:15:24 PM TicketPool retrieveTicket
INFO: Customer 5 retrieved ticket ID 14
Dec 07, 2024 8:15:24 PM Customer run
INFO: Customer 5 purchased ticket 14
Dec 07, 2024 8:15:24 PM TicketPool retrieveTicket
INFO: Customer is waiting for tickets...
Dec 07, 2024 8:15:25 PM Ticket <init>
INFO: Ticket created: Ticket{id=22, vendorId=4}
Dec 07, 2024 8:15:25 PM TicketPool retrieveTicket
INFO: Customer is waiting for tickets...
Dec 07, 2024 8:15:25 PM Ticket <init>
INFO: Ticket created: Ticket{id=23, vendorId=1}
Dec 07, 2024 8:15:25 PM TicketPool retrieveTicket
INFO: Customer is waiting for tickets...
Dec 07, 2024 8:15:25 PM Ticket <init>
INFO: Ticket created: Ticket{id=24, vendorId=1}
Dec 07, 2024 8:15:25 PM TicketPool addTicket
INFO: Vendor 1 added ticket ID 24
Dec 07, 2024 8:15:25 PM Vendor run
INFO: Vendor 1 added ticket: 24
Dec 07, 2024 8:15:25 PM TicketPool retrieveTicket
INFO: Customer 2 retrieved ticket ID 3
Dec 07, 2024 8:15:25 PM Ticket <init>
INFO: Ticket created: Ticket{id=25, vendorId=1}
Dec 07, 2024 8:15:25 PM TicketPool retrieveTicket
INFO: Customer is waiting for tickets...
Dec 07, 2024 8:15:25 PM Customer run
INFO: Customer 2 purchased ticket 3
Dec 07, 2024 8:15:25 PM TicketPool retrieveTicket
INFO: Customer is waiting for tickets...
Dec 07, 2024 8:15:25 PM Ticket <init>
INFO: Ticket created: Ticket{id=26, vendorId=2}
Dec 07, 2024 8:15:25 PM TicketPool addTicket
INFO: Vendor 1 added ticket ID 25
Dec 07, 2024 8:15:25 PM Vendor run
INFO: Vendor 1 added ticket: 25
Dec 07, 2024 8:15:25 PM TicketPool retrieveTicket
INFO: Customer 1 retrieved ticket ID 23
Dec 07, 2024 8:15:25 PM Ticket <init>
INFO: Ticket created: Ticket{id=27, vendorId=1}
Dec 07, 2024 8:15:25 PM Customer run
INFO: Customer 1 purchased ticket 23
Dec 07, 2024 8:15:25 PM TicketPool retrieveTicket
INFO: Customer is waiting for tickets...
Dec 07, 2024 8:15:25 PM Ticket <init>
INFO: Ticket created: Ticket{id=28, vendorId=1}
Dec 07, 2024 8:15:25 PM TicketPool retrieveTicket
INFO: Customer is waiting for tickets...
Dec 07, 2024 8:15:25 PM TicketPool retrieveTicket
INFO: Customer is waiting for tickets...
Dec 07, 2024 8:15:25 PM TicketPool addTicket
INFO: Vendor 1 added ticket ID 27
Dec 07, 2024 8:15:25 PM Vendor run
INFO: Vendor 1 added ticket: 27
Dec 07, 2024 8:15:25 PM TicketPool retrieveTicket
INFO: Customer 4 retrieved ticket ID 22
Dec 07, 2024 8:15:25 PM Ticket <init>
INFO: Ticket created: Ticket{id=29, vendorId=1}
Dec 07, 2024 8:15:25 PM Customer run
INFO: Customer 4 purchased ticket 22
Dec 07, 2024 8:15:25 PM TicketPool retrieveTicket
INFO: Customer is waiting for tickets...
Dec 07, 2024 8:15:25 PM Ticket <init>
INFO: Ticket created: Ticket{id=30, vendorId=4}
Dec 07, 2024 8:15:25 PM TicketPool retrieveTicket
INFO: Customer is waiting for tickets...
Dec 07, 2024 8:15:25 PM TicketPool retrieveTicket
INFO: Customer is waiting for tickets...
Dec 07, 2024 8:15:25 PM TicketPool addTicket
INFO: Vendor 1 added ticket ID 29
Dec 07, 2024 8:15:25 PM Vendor run
INFO: Vendor 1 added ticket: 29
Dec 07, 2024 8:15:25 PM TicketPool retrieveTicket
INFO: Customer 1 retrieved ticket ID 28
Dec 07, 2024 8:15:25 PM Customer run
INFO: Customer 1 purchased ticket 28
Dec 07, 2024 8:15:25 PM Ticket <init>
INFO: Ticket created: Ticket{id=31, vendorId=1}
Dec 07, 2024 8:15:25 PM TicketPool retrieveTicket
INFO: Customer is waiting for tickets...
Dec 07, 2024 8:15:25 PM TicketPool retrieveTicket
INFO: Customer is waiting for tickets...
Dec 07, 2024 8:15:25 PM TicketPool addTicket
INFO: Vendor 1 added ticket ID 31
Dec 07, 2024 8:15:25 PM Vendor run
INFO: Vendor 1 added ticket: 31
Dec 07, 2024 8:15:25 PM TicketPool retrieveTicket
INFO: Customer 4 retrieved ticket ID 30
Dec 07, 2024 8:15:25 PM Customer run
INFO: Customer 4 purchased ticket 30
Dec 07, 2024 8:15:25 PM TicketPool retrieveTicket
INFO: Customer is waiting for tickets...
Dec 07, 2024 8:15:26 PM Ticket <init>
INFO: Ticket created: Ticket{id=32, vendorId=6}
Dec 07, 2024 8:15:26 PM TicketPool retrieveTicket
INFO: Customer is waiting for tickets...
Dec 07, 2024 8:15:26 PM Ticket <init>
INFO: Ticket created: Ticket{id=33, vendorId=3}
Dec 07, 2024 8:15:26 PM TicketPool retrieveTicket
INFO: Customer is waiting for tickets...
Dec 07, 2024 8:15:26 PM Ticket <init>
INFO: Ticket created: Ticket{id=34, vendorId=5}
Dec 07, 2024 8:15:26 PM TicketPool retrieveTicket
INFO: Customer is waiting for tickets...
Dec 07, 2024 8:15:26 PM Ticket <init>
INFO: Ticket created: Ticket{id=35, vendorId=1}
Dec 07, 2024 8:15:26 PM TicketPool addTicket
INFO: Vendor 1 added ticket ID 35
Dec 07, 2024 8:15:26 PM Vendor run
INFO: Vendor 1 added ticket: 35
Dec 07, 2024 8:15:26 PM TicketPool retrieveTicket
INFO: Customer 2 retrieved ticket ID 26
Dec 07, 2024 8:15:26 PM Customer run
INFO: Customer 2 purchased ticket 26
Dec 07, 2024 8:15:26 PM Ticket <init>
INFO: Ticket created: Ticket{id=36, vendorId=1}
Dec 07, 2024 8:15:26 PM TicketPool retrieveTicket
INFO: Customer is waiting for tickets...
Dec 07, 2024 8:15:26 PM TicketPool retrieveTicket
INFO: Customer is waiting for tickets...
Dec 07, 2024 8:15:26 PM TicketPool retrieveTicket
INFO: Customer is waiting for tickets...
Dec 07, 2024 8:15:26 PM TicketPool addTicket
INFO: Vendor 1 added ticket ID 36
Dec 07, 2024 8:15:26 PM Vendor run
INFO: Vendor 1 added ticket: 36
Dec 07, 2024 8:15:26 PM Ticket <init>
INFO: Ticket created: Ticket{id=37, vendorId=1}
Dec 07, 2024 8:15:26 PM TicketPool retrieveTicket
INFO: Customer 5 retrieved ticket ID 34
Dec 07, 2024 8:15:26 PM Customer run
INFO: Customer 5 purchased ticket 34
Dec 07, 2024 8:15:26 PM TicketPool addTicket
INFO: Vendor 1 added ticket ID 37
Dec 07, 2024 8:15:26 PM Vendor run
INFO: Vendor 1 added ticket: 37
Dec 07, 2024 8:15:26 PM Ticket <init>
INFO: Ticket created: Ticket{id=39, vendorId=1}
Dec 07, 2024 8:15:26 PM Ticket <init>
INFO: Ticket created: Ticket{id=38, vendorId=5}
Dec 07, 2024 8:15:26 PM TicketPool retrieveTicket
INFO: Customer 6 retrieved ticket ID 32
Dec 07, 2024 8:15:26 PM Customer run
INFO: Customer 6 purchased ticket 32
Dec 07, 2024 8:15:26 PM Ticket <init>
INFO: Ticket created: Ticket{id=40, vendorId=6}
Dec 07, 2024 8:15:26 PM TicketPool retrieveTicket
INFO: Customer is waiting for tickets...
Dec 07, 2024 8:15:26 PM TicketPool retrieveTicket
INFO: Customer is waiting for tickets...
Dec 07, 2024 8:15:26 PM TicketPool retrieveTicket
INFO: Customer is waiting for tickets...
Dec 07, 2024 8:15:26 PM TicketPool addTicket
INFO: Vendor 1 added ticket ID 39
Dec 07, 2024 8:15:26 PM Vendor run
INFO: Vendor 1 added ticket: 39
Dec 07, 2024 8:15:26 PM TicketPool retrieveTicket
INFO: Customer 3 retrieved ticket ID 33
Dec 07, 2024 8:15:26 PM Customer run
INFO: Customer 3 purchased ticket 33
Dec 07, 2024 8:15:26 PM Ticket <init>
INFO: Ticket created: Ticket{id=41, vendorId=1}
Dec 07, 2024 8:15:26 PM TicketPool retrieveTicket
INFO: Customer is waiting for tickets...
Dec 07, 2024 8:15:26 PM Ticket <init>
INFO: Ticket created: Ticket{id=42, vendorId=3}
Dec 07, 2024 8:15:26 PM TicketPool retrieveTicket
INFO: Customer is waiting for tickets...
Dec 07, 2024 8:15:26 PM TicketPool retrieveTicket
INFO: Customer is waiting for tickets...
Dec 07, 2024 8:15:26 PM TicketPool addTicket
INFO: Vendor 1 added ticket ID 41
Dec 07, 2024 8:15:26 PM Vendor run
INFO: Vendor 1 added ticket: 41
Dec 07, 2024 8:15:26 PM TicketPool retrieveTicket
INFO: Customer 5 retrieved ticket ID 38
Dec 07, 2024 8:15:26 PM Customer run
INFO: Customer 5 purchased ticket 38
Dec 07, 2024 8:15:26 PM TicketPool retrieveTicket
INFO: Customer is waiting for tickets...
Dec 07, 2024 8:15:26 PM TicketPool retrieveTicket
INFO: Customer is waiting for tickets...
Dec 07, 2024 8:15:27 PM Ticket <init>
INFO: Ticket created: Ticket{id=43, vendorId=1}
Dec 07, 2024 8:15:27 PM TicketPool retrieveTicket
INFO: Customer is waiting for tickets...
Dec 07, 2024 8:15:27 PM Ticket <init>
INFO: Ticket created: Ticket{id=44, vendorId=4}
Dec 07, 2024 8:15:27 PM TicketPool retrieveTicket
INFO: Customer is waiting for tickets...
Dec 07, 2024 8:15:27 PM Ticket <init>
INFO: Ticket created: Ticket{id=45, vendorId=1}
Dec 07, 2024 8:15:27 PM TicketPool addTicket
INFO: Vendor 1 added ticket ID 45
Dec 07, 2024 8:15:27 PM Vendor run
INFO: Vendor 1 added ticket: 45
Dec 07, 2024 8:15:27 PM TicketPool retrieveTicket
INFO: Customer 3 retrieved ticket ID 42
Dec 07, 2024 8:15:27 PM Customer run
INFO: Customer 3 purchased ticket 42
Dec 07, 2024 8:15:27 PM Ticket <init>
INFO: Ticket created: Ticket{id=46, vendorId=1}
Dec 07, 2024 8:15:27 PM TicketPool retrieveTicket
INFO: Customer is waiting for tickets...
Dec 07, 2024 8:15:27 PM TicketPool retrieveTicket
INFO: Customer is waiting for tickets...
Dec 07, 2024 8:15:27 PM TicketPool retrieveTicket
INFO: Customer is waiting for tickets...
Dec 07, 2024 8:15:27 PM TicketPool addTicket
INFO: Vendor 1 added ticket ID 46
Dec 07, 2024 8:15:27 PM Vendor run
INFO: Vendor 1 added ticket: 46
Dec 07, 2024 8:15:27 PM Ticket <init>
INFO: Ticket created: Ticket{id=47, vendorId=1}
Dec 07, 2024 8:15:27 PM TicketPool retrieveTicket
INFO: Customer 4 retrieved ticket ID 44
Dec 07, 2024 8:15:27 PM Customer run
INFO: Customer 4 purchased ticket 44
Dec 07, 2024 8:15:27 PM TicketPool addTicket
INFO: Vendor 1 added ticket ID 47
Dec 07, 2024 8:15:27 PM Vendor run
INFO: Vendor 1 added ticket: 47
Dec 07, 2024 8:15:27 PM Ticket <init>
INFO: Ticket created: Ticket{id=48, vendorId=4}
Dec 07, 2024 8:15:27 PM TicketPool retrieveTicket
INFO: Customer 6 retrieved ticket ID 40
Dec 07, 2024 8:15:27 PM Customer run
INFO: Customer 6 purchased ticket 40
Dec 07, 2024 8:15:27 PM Ticket <init>
INFO: Ticket created: Ticket{id=49, vendorId=1}
Dec 07, 2024 8:15:27 PM TicketPool retrieveTicket
INFO: Customer is waiting for tickets...
Dec 07, 2024 8:15:27 PM TicketPool addTicket
INFO: Vendor 1 added ticket ID 49
Dec 07, 2024 8:15:27 PM Vendor run
INFO: Vendor 1 added ticket: 49
Dec 07, 2024 8:15:27 PM TicketPool retrieveTicket
INFO: Customer 4 retrieved ticket ID 48
Dec 07, 2024 8:15:27 PM Ticket <init>
INFO: Ticket created: Ticket{id=50, vendorId=1}
Dec 07, 2024 8:15:27 PM Customer run
INFO: Customer 4 purchased ticket 48
Dec 07, 2024 8:15:27 PM TicketPool retrieveTicket
INFO: Customer is waiting for tickets...
Dec 07, 2024 8:15:27 PM TicketPool addTicket
INFO: Vendor 1 added ticket ID 50
Dec 07, 2024 8:15:27 PM Vendor run
INFO: Vendor 1 added ticket: 50
Dec 07, 2024 8:15:27 PM TicketPool retrieveTicket
INFO: Customer 1 retrieved ticket ID 43
Dec 07, 2024 8:15:27 PM Customer run
INFO: Customer 1 purchased ticket 43
Dec 07, 2024 8:15:27 PM Ticket <init>
INFO: Ticket created: Ticket{id=51, vendorId=1}
Dec 07, 2024 8:15:27 PM TicketPool retrieveTicket
INFO: Customer is waiting for tickets...
Dec 07, 2024 8:15:28 PM TicketPool getCurrentSize
INFO: Current ticket pool size: 0
Dec 07, 2024 8:15:28 PM TicketingSystem monitorTicketingOperations
INFO: Monitoring Ticket Pool: Current Size = 0
Dec 07, 2024 8:15:28 PM TicketingSystem monitorTicketingOperations
WARNING: Ticket pool is empty!
Dec 07, 2024 8:15:28 PM Ticket <init>
INFO: Ticket created: Ticket{id=52, vendorId=2}
Dec 07, 2024 8:15:28 PM TicketPool retrieveTicket
INFO: Customer is waiting for tickets...
Dec 07, 2024 8:15:28 PM Ticket <init>
INFO: Ticket created: Ticket{id=53, vendorId=5}
Dec 07, 2024 8:15:28 PM TicketPool retrieveTicket
INFO: Customer is waiting for tickets...
Dec 07, 2024 8:15:28 PM Ticket <init>
INFO: Ticket created: Ticket{id=54, vendorId=1}
Dec 07, 2024 8:15:28 PM TicketPool addTicket
INFO: Vendor 1 added ticket ID 54
Dec 07, 2024 8:15:28 PM Vendor run
INFO: Vendor 1 added ticket: 54
Dec 07, 2024 8:15:28 PM Ticket <init>
INFO: Ticket created: Ticket{id=55, vendorId=1}
Dec 07, 2024 8:15:28 PM TicketPool retrieveTicket
INFO: Customer 1 retrieved ticket ID 51
Dec 07, 2024 8:15:28 PM Customer run
INFO: Customer 1 purchased ticket 51
Dec 07, 2024 8:15:28 PM TicketPool addTicket
INFO: Vendor 1 added ticket ID 55
Dec 07, 2024 8:15:28 PM Vendor run
INFO: Vendor 1 added ticket: 55
Dec 07, 2024 8:15:28 PM TicketPool retrieveTicket
INFO: Customer 5 retrieved ticket ID 53
Dec 07, 2024 8:15:28 PM Customer run
INFO: Customer 5 purchased ticket 53
Dec 07, 2024 8:15:28 PM Ticket <init>
INFO: Ticket created: Ticket{id=57, vendorId=5}
Dec 07, 2024 8:15:28 PM Ticket <init>
INFO: Ticket created: Ticket{id=56, vendorId=1}
Dec 07, 2024 8:15:28 PM TicketPool retrieveTicket
INFO: Customer is waiting for tickets...
Dec 07, 2024 8:15:28 PM TicketPool addTicket
INFO: Vendor 1 added ticket ID 56
Dec 07, 2024 8:15:28 PM Vendor run
INFO: Vendor 1 added ticket: 56
Dec 07, 2024 8:15:28 PM TicketPool retrieveTicket
INFO: Customer 5 retrieved ticket ID 57
Dec 07, 2024 8:15:28 PM Customer run
INFO: Customer 5 purchased ticket 57
Dec 07, 2024 8:15:28 PM Ticket <init>
INFO: Ticket created: Ticket{id=58, vendorId=1}
Dec 07, 2024 8:15:28 PM TicketPool retrieveTicket
INFO: Customer is waiting for tickets...
Dec 07, 2024 8:15:28 PM TicketPool addTicket
INFO: Vendor 1 added ticket ID 58
Dec 07, 2024 8:15:28 PM Vendor run
INFO: Vendor 1 added ticket: 58
Dec 07, 2024 8:15:28 PM Ticket <init>
INFO: Ticket created: Ticket{id=59, vendorId=1}
Dec 07, 2024 8:15:28 PM TicketPool retrieveTicket
INFO: Customer 2 retrieved ticket ID 52
Dec 07, 2024 8:15:28 PM Customer run
INFO: Customer 2 purchased ticket 52
Dec 07, 2024 8:15:28 PM Ticket <init>
INFO: Ticket created: Ticket{id=60, vendorId=2}
Dec 07, 2024 8:15:28 PM TicketPool addTicket
INFO: Vendor 1 added ticket ID 59
Dec 07, 2024 8:15:28 PM Vendor run
INFO: Vendor 1 added ticket: 59
Dec 07, 2024 8:15:28 PM TicketPool retrieveTicket
INFO: Customer 2 retrieved ticket ID 60
Dec 07, 2024 8:15:28 PM Customer run
INFO: Customer 2 purchased ticket 60
Dec 07, 2024 8:15:29 PM Ticket <init>
INFO: Ticket created: Ticket{id=61, vendorId=3}
Dec 07, 2024 8:15:29 PM TicketPool retrieveTicket
INFO: Customer is waiting for tickets...
Dec 07, 2024 8:15:29 PM Ticket <init>
INFO: Ticket created: Ticket{id=62, vendorId=6}
Dec 07, 2024 8:15:29 PM TicketPool retrieveTicket
INFO: Customer is waiting for tickets...
Dec 07, 2024 8:15:29 PM Ticket <init>
INFO: Ticket created: Ticket{id=63, vendorId=4}
Dec 07, 2024 8:15:29 PM Ticket <init>
INFO: Ticket created: Ticket{id=64, vendorId=1}
Dec 07, 2024 8:15:29 PM TicketPool retrieveTicket
INFO: Customer is waiting for tickets...
Dec 07, 2024 8:15:29 PM TicketPool addTicket
INFO: Vendor 1 added ticket ID 64
Dec 07, 2024 8:15:29 PM Vendor run
INFO: Vendor 1 added ticket: 64
Dec 07, 2024 8:15:29 PM Ticket <init>
INFO: Ticket created: Ticket{id=65, vendorId=1}
Dec 07, 2024 8:15:29 PM TicketPool retrieveTicket
INFO: Customer 3 retrieved ticket ID 61
Dec 07, 2024 8:15:29 PM Customer run
INFO: Customer 3 purchased ticket 61
Dec 07, 2024 8:15:29 PM TicketPool addTicket
INFO: Vendor 1 added ticket ID 65
Dec 07, 2024 8:15:29 PM Ticket <init>
INFO: Ticket created: Ticket{id=66, vendorId=3}
Dec 07, 2024 8:15:29 PM Vendor run
INFO: Vendor 1 added ticket: 65
Dec 07, 2024 8:15:29 PM Ticket <init>
INFO: Ticket created: Ticket{id=67, vendorId=1}
Dec 07, 2024 8:15:29 PM TicketPool retrieveTicket
INFO: Customer 4 retrieved ticket ID 63
Dec 07, 2024 8:15:29 PM Customer run
INFO: Customer 4 purchased ticket 63
Dec 07, 2024 8:15:29 PM Ticket <init>
INFO: Ticket created: Ticket{id=68, vendorId=4}
Dec 07, 2024 8:15:29 PM TicketPool retrieveTicket
INFO: Customer is waiting for tickets...
Dec 07, 2024 8:15:29 PM TicketPool retrieveTicket
INFO: Customer is waiting for tickets...
Dec 07, 2024 8:15:29 PM TicketPool addTicket
INFO: Vendor 1 added ticket ID 67
Dec 07, 2024 8:15:29 PM Vendor run
INFO: Vendor 1 added ticket: 67
Dec 07, 2024 8:15:29 PM Ticket <init>
INFO: Ticket created: Ticket{id=69, vendorId=1}
Dec 07, 2024 8:15:29 PM TicketPool retrieveTicket
INFO: Customer 3 retrieved ticket ID 66
Dec 07, 2024 8:15:29 PM Customer run
INFO: Customer 3 purchased ticket 66
Dec 07, 2024 8:15:29 PM TicketPool addTicket
INFO: Vendor 1 added ticket ID 69
Dec 07, 2024 8:15:29 PM Vendor run
INFO: Vendor 1 added ticket: 69
Dec 07, 2024 8:15:29 PM TicketPool retrieveTicket
INFO: Customer 4 retrieved ticket ID 68
Dec 07, 2024 8:15:29 PM Customer run
INFO: Customer 4 purchased ticket 68
Dec 07, 2024 8:15:29 PM Ticket <init>
INFO: Ticket created: Ticket{id=70, vendorId=1}
Dec 07, 2024 8:15:29 PM TicketPool retrieveTicket
INFO: Customer is waiting for tickets...
Dec 07, 2024 8:15:30 PM TicketPool addTicket
INFO: Vendor 1 added ticket ID 70
Dec 07, 2024 8:15:30 PM Vendor run
INFO: Vendor 1 added ticket: 70
Dec 07, 2024 8:15:30 PM TicketPool retrieveTicket
INFO: Customer 6 retrieved ticket ID 62
Dec 07, 2024 8:15:30 PM Customer run
INFO: Customer 6 purchased ticket 62
Dec 07, 2024 8:15:30 PM Ticket <init>
INFO: Ticket created: Ticket{id=71, vendorId=6}
Dec 07, 2024 8:15:30 PM TicketPool retrieveTicket
INFO: Customer is waiting for tickets...
Dec 07, 2024 8:15:30 PM TicketingSystem controlSystem
INFO: Exiting the Ticketing System CLI
Dec 07, 2024 8:15:30 PM TicketPool retrieveTicket
SEVERE: Customer was interrupted while waiting for tickets.
Dec 07, 2024 8:15:30 PM Customer run
INFO: Customer 6 purchased ticket 71
Dec 07, 2024 8:15:30 PM Customer run
WARNING: Customer 6 was interrupted.
Dec 07, 2024 8:15:30 PM Customer run
WARNING: Customer 1 was interrupted.
Dec 07, 2024 8:15:30 PM Customer run
INFO: Customer 1 has finished all attempts.
Dec 07, 2024 8:15:30 PM Customer run
WARNING: Customer 4 was interrupted.
Dec 07, 2024 8:15:30 PM Customer run
INFO: Customer 4 has finished all attempts.
Dec 07, 2024 8:15:30 PM Vendor run
WARNING: Vendor 1 was interrupted.
Dec 07, 2024 8:15:30 PM Customer run
WARNING: Customer 5 was interrupted.
Dec 07, 2024 8:15:30 PM Customer run
INFO: Customer 5 has finished all attempts.
Dec 07, 2024 8:15:30 PM Customer run
WARNING: Customer 2 was interrupted.
Dec 07, 2024 8:15:30 PM Customer run
INFO: Customer 2 has finished all attempts.
Dec 07, 2024 8:15:30 PM Customer run
WARNING: Customer 3 was interrupted.
Dec 07, 2024 8:15:30 PM Customer run
INFO: Customer 3 has finished all attempts.
Dec 07, 2024 8:15:30 PM Customer run
INFO: Customer 6 has finished all attempts.
Dec 07, 2024 8:15:30 PM TicketPool getCurrentSize
INFO: Current ticket pool size: 0
Dec 07, 2024 8:15:30 PM TicketPool updateTicketStatusOnCommand
INFO: TicketStatus table updated successfully with system status: EXIT
