Dec 07, 2024 8:57:58 PM TicketingSystem main
INFO: Starting the Ticketing System CLI
Dec 07, 2024 8:58:02 PM SystemConfiguration initializeConfiguration
INFO: Initializing system configuration...
Dec 07, 2024 8:58:11 PM SystemConfiguration initializeConfiguration
INFO: System configuration initialized successfully.
Dec 07, 2024 8:58:12 PM SystemConfiguration initializeConfiguration
INFO: Configuration saved to the database.
Dec 07, 2024 8:58:12 PM SystemConfiguration saveToFile
INFO: Configuration saved to JSON file: system_configuration.json
Dec 07, 2024 8:58:12 PM SystemConfiguration initializeConfiguration
INFO: System configuration serialized to file successfully.
Dec 07, 2024 8:58:12 PM FileConfiguration saveConfigurationToFile
INFO: Configuration saved to file: configurations/System_Configuration_2024-12-07_20-58-12.txt
Dec 07, 2024 8:58:12 PM SystemConfiguration initializeConfiguration
INFO: System configuration saved to file successfully.
Dec 07, 2024 8:58:12 PM TicketPool <init>
INFO: Ticket pool initialized with maxCapacity: 2
Dec 07, 2024 8:58:15 PM TicketPool retrieveTicket
INFO: Customer is waiting for tickets...
Dec 07, 2024 8:58:15 PM TicketPool getCurrentSize
INFO: Current ticket pool size: 0
Dec 07, 2024 8:58:15 PM TicketPool retrieveTicket
INFO: Customer is waiting for tickets...
Dec 07, 2024 8:58:15 PM TicketingSystem monitorTicketingOperations
INFO: Monitoring Ticket Pool: Current Size = 0
Dec 07, 2024 8:58:15 PM Ticket <init>
INFO: Ticket created: Ticket{id=1, vendorId=1}
Dec 07, 2024 8:58:15 PM Ticket <init>
INFO: Ticket created: Ticket{id=2, vendorId=2}
Dec 07, 2024 8:58:15 PM TicketingSystem monitorTicketingOperations
WARNING: Ticket pool is empty!
Dec 07, 2024 8:58:15 PM TicketPool addTicket
INFO: Vendor 1 added ticket ID 1
Dec 07, 2024 8:58:15 PM TicketPool addTicket
INFO: Vendor 2 added ticket ID 2
Dec 07, 2024 8:58:15 PM Vendor run
INFO: Vendor 2 added ticket: 2
Dec 07, 2024 8:58:15 PM Vendor run
INFO: Vendor 1 added ticket: 1
Dec 07, 2024 8:58:15 PM Ticket <init>
INFO: Ticket created: Ticket{id=4, vendorId=1}
Dec 07, 2024 8:58:15 PM Ticket <init>
INFO: Ticket created: Ticket{id=3, vendorId=2}
Dec 07, 2024 8:58:15 PM TicketPool retrieveTicket
INFO: Customer 2 retrieved ticket ID 1
Dec 07, 2024 8:58:15 PM TicketPool addTicket
INFO: Vendor 2 added ticket ID 3
Dec 07, 2024 8:58:15 PM Vendor run
INFO: Vendor 2 added ticket: 3
Dec 07, 2024 8:58:15 PM Customer run
INFO: Customer 2 successfully purchased ticket ID 1
Dec 07, 2024 8:58:15 PM TicketPool addTicket
INFO: Vendor 1 is waiting to add tickets...
Dec 07, 2024 8:58:15 PM TicketPool retrieveTicket
INFO: Customer 1 retrieved ticket ID 2
Dec 07, 2024 8:58:15 PM Customer run
INFO: Customer 1 successfully purchased ticket ID 2
Dec 07, 2024 8:58:15 PM TicketPool addTicket
INFO: Vendor 1 added ticket ID 4
Dec 07, 2024 8:58:15 PM Vendor run
INFO: Vendor 1 added ticket: 4
Dec 07, 2024 8:58:15 PM TicketPool retrieveTicket
INFO: Customer 1 retrieved ticket ID 3
Dec 07, 2024 8:58:15 PM Customer run
INFO: Customer 1 successfully purchased ticket ID 3
Dec 07, 2024 8:58:15 PM TicketPool retrieveTicket
INFO: Customer 2 retrieved ticket ID 4
Dec 07, 2024 8:58:15 PM Customer run
INFO: Customer 2 successfully purchased ticket ID 4
Dec 07, 2024 8:58:17 PM TicketPool retrieveTicket
INFO: Customer is waiting for tickets...
Dec 07, 2024 8:58:17 PM TicketPool retrieveTicket
INFO: Customer is waiting for tickets...
Dec 07, 2024 8:58:20 PM TicketPool getCurrentSize
INFO: Current ticket pool size: 0
Dec 07, 2024 8:58:20 PM TicketingSystem monitorTicketingOperations
INFO: Monitoring Ticket Pool: Current Size = 0
Dec 07, 2024 8:58:20 PM TicketingSystem monitorTicketingOperations
WARNING: Ticket pool is empty!
Dec 07, 2024 8:58:25 PM TicketPool getCurrentSize
INFO: Current ticket pool size: 0
Dec 07, 2024 8:58:25 PM TicketingSystem monitorTicketingOperations
INFO: Monitoring Ticket Pool: Current Size = 0
Dec 07, 2024 8:58:25 PM TicketingSystem monitorTicketingOperations
WARNING: Ticket pool is empty!
Dec 07, 2024 8:58:30 PM TicketPool getCurrentSize
INFO: Current ticket pool size: 0
Dec 07, 2024 8:58:30 PM TicketingSystem monitorTicketingOperations
INFO: Monitoring Ticket Pool: Current Size = 0
Dec 07, 2024 8:58:30 PM TicketingSystem monitorTicketingOperations
WARNING: Ticket pool is empty!
Dec 07, 2024 8:58:33 PM TicketPool retrieveTicket
SEVERE: Customer was interrupted while waiting for tickets.
Dec 07, 2024 8:58:33 PM TicketPool retrieveTicket
SEVERE: Customer was interrupted while waiting for tickets.
Dec 07, 2024 8:58:33 PM Customer run
INFO: Customer 1 found no tickets available.
Dec 07, 2024 8:58:33 PM Customer run
INFO: Customer 2 found no tickets available.
Dec 07, 2024 8:58:33 PM Customer run
INFO: Customer 1 has finished all attempts.
Dec 07, 2024 8:58:33 PM Customer run
INFO: Customer 2 has finished all attempts.
Dec 07, 2024 8:58:33 PM TicketPool getCurrentSize
INFO: Current ticket pool size: 0
Dec 07, 2024 8:58:33 PM TicketPool updateTicketStatusOnCommand
INFO: TicketStatus table updated successfully with system status: STOP
Dec 07, 2024 8:58:35 PM TicketPool getCurrentSize
INFO: Current ticket pool size: 0
Dec 07, 2024 8:58:35 PM TicketingSystem monitorTicketingOperations
INFO: Monitoring Ticket Pool: Current Size = 0
Dec 07, 2024 8:58:35 PM TicketingSystem monitorTicketingOperations
WARNING: Ticket pool is empty!
Dec 07, 2024 8:58:40 PM TicketingSystem controlSystem
INFO: Exiting the Ticketing System CLI
Dec 07, 2024 8:58:40 PM TicketPool getCurrentSize
INFO: Current ticket pool size: 0
Dec 07, 2024 8:58:40 PM TicketPool updateTicketStatusOnCommand
INFO: TicketStatus table updated successfully with system status: EXIT
