Dec 07, 2024 7:31:00 PM TicketingSystem main
INFO: Starting the Ticketing System CLI
Dec 07, 2024 7:31:04 PM SystemConfiguration loadFromFile
INFO: Configuration loaded from file: system_configuration.json
Dec 07, 2024 7:31:04 PM TicketingSystem main
INFO: Loaded configuration from file successfully.
Dec 07, 2024 7:31:04 PM TicketPool <init>
INFO: Ticket pool initialized with maxCapacity: 7
Dec 07, 2024 7:31:05 PM TicketPool retrieveTicket
INFO: Customer is waiting for tickets...
Dec 07, 2024 7:31:05 PM TicketPool getCurrentSize
INFO: Current ticket pool size: 0
Dec 07, 2024 7:31:05 PM TicketPool retrieveTicket
INFO: Customer is waiting for tickets...
Dec 07, 2024 7:31:05 PM Ticket <init>
INFO: Ticket created: Ticket{id=2, vendorId=4}
Dec 07, 2024 7:31:05 PM TicketingSystem monitorTicketingOperations
INFO: Monitoring Ticket Pool: Current Size = 0
Dec 07, 2024 7:31:05 PM Ticket <init>
INFO: Ticket created: Ticket{id=4, vendorId=3}
Dec 07, 2024 7:31:05 PM Ticket <init>
INFO: Ticket created: Ticket{id=1, vendorId=1}
Dec 07, 2024 7:31:05 PM Ticket <init>
INFO: Ticket created: Ticket{id=5, vendorId=6}
Dec 07, 2024 7:31:05 PM Ticket <init>
INFO: Ticket created: Ticket{id=6, vendorId=7}
Dec 07, 2024 7:31:05 PM Ticket <init>
INFO: Ticket created: Ticket{id=7, vendorId=5}
Dec 07, 2024 7:31:05 PM Ticket <init>
INFO: Ticket created: Ticket{id=3, vendorId=2}
Dec 07, 2024 7:31:05 PM TicketPool retrieveTicket
INFO: Customer is waiting for tickets...
Dec 07, 2024 7:31:05 PM TicketingSystem monitorTicketingOperations
WARNING: Warning: Ticket pool is empty!
Dec 07, 2024 7:31:05 PM TicketPool retrieveTicket
INFO: Customer is waiting for tickets...
Dec 07, 2024 7:31:05 PM TicketPool retrieveTicket
INFO: Customer is waiting for tickets...
Dec 07, 2024 7:31:05 PM TicketPool retrieveTicket
INFO: Customer is waiting for tickets...
Dec 07, 2024 7:31:05 PM TicketPool addTicket
INFO: Vendor 2 added ticket ID 3
Dec 07, 2024 7:31:05 PM TicketPool addTicket
INFO: Vendor 5 added ticket ID 7
Dec 07, 2024 7:31:05 PM TicketPool addTicket
INFO: Vendor 7 added ticket ID 6
Dec 07, 2024 7:31:05 PM TicketPool addTicket
INFO: Vendor 6 added ticket ID 5
Dec 07, 2024 7:31:05 PM TicketPool addTicket
INFO: Vendor 1 added ticket ID 1
Dec 07, 2024 7:31:05 PM TicketPool addTicket
INFO: Vendor 3 added ticket ID 4
Dec 07, 2024 7:31:05 PM TicketPool addTicket
INFO: Vendor 4 added ticket ID 2
Dec 07, 2024 7:31:05 PM TicketPool retrieveTicket
INFO: Customer retrieved ticket ID 3
Dec 07, 2024 7:31:05 PM TicketPool retrieveTicket
INFO: Customer retrieved ticket ID 7
Dec 07, 2024 7:31:05 PM Vendor run
INFO: Vendor 7 added ticket: 6
Dec 07, 2024 7:31:05 PM Customer run
INFO: Customer 6 successfully purchased ticket ID 3
Dec 07, 2024 7:31:05 PM Vendor run
INFO: Vendor 2 added ticket: 3
Dec 07, 2024 7:31:05 PM Customer run
INFO: Customer 4 successfully purchased ticket ID 7
Dec 07, 2024 7:31:05 PM Vendor run
INFO: Vendor 5 added ticket: 7
Dec 07, 2024 7:31:06 PM Ticket <init>
INFO: Ticket created: Ticket{id=10, vendorId=5}
Dec 07, 2024 7:31:05 PM Vendor run
INFO: Vendor 4 added ticket: 2
Dec 07, 2024 7:31:05 PM Vendor run
INFO: Vendor 1 added ticket: 1
Dec 07, 2024 7:31:05 PM Vendor run
INFO: Vendor 3 added ticket: 4
Dec 07, 2024 7:31:05 PM Ticket <init>
INFO: Ticket created: Ticket{id=8, vendorId=7}
Dec 07, 2024 7:31:05 PM Vendor run
INFO: Vendor 6 added ticket: 5
Dec 07, 2024 7:31:05 PM TicketPool retrieveTicket
INFO: Customer retrieved ticket ID 6
Dec 07, 2024 7:31:06 PM Ticket <init>
INFO: Ticket created: Ticket{id=9, vendorId=2}
Dec 07, 2024 7:31:06 PM Ticket <init>
INFO: Ticket created: Ticket{id=11, vendorId=4}
Dec 07, 2024 7:31:06 PM Ticket <init>
INFO: Ticket created: Ticket{id=12, vendorId=1}
Dec 07, 2024 7:31:06 PM Ticket <init>
INFO: Ticket created: Ticket{id=13, vendorId=3}
Dec 07, 2024 7:31:06 PM Ticket <init>
INFO: Ticket created: Ticket{id=14, vendorId=6}
Dec 07, 2024 7:31:06 PM Customer run
INFO: Customer 7 successfully purchased ticket ID 6
Dec 07, 2024 7:31:06 PM TicketPool retrieveTicket
INFO: Customer retrieved ticket ID 5
Dec 07, 2024 7:31:06 PM Customer run
INFO: Customer 2 successfully purchased ticket ID 5
Dec 07, 2024 7:31:06 PM TicketPool retrieveTicket
INFO: Customer retrieved ticket ID 1
Dec 07, 2024 7:31:06 PM Customer run
INFO: Customer 1 successfully purchased ticket ID 1
Dec 07, 2024 7:31:06 PM TicketPool retrieveTicket
INFO: Customer retrieved ticket ID 4
Dec 07, 2024 7:31:06 PM Customer run
INFO: Customer 5 successfully purchased ticket ID 4
Dec 07, 2024 7:31:06 PM TicketPool retrieveTicket
INFO: Customer retrieved ticket ID 2
Dec 07, 2024 7:31:06 PM Customer run
INFO: Customer 3 successfully purchased ticket ID 2
Dec 07, 2024 7:31:06 PM TicketPool retrieveTicket
INFO: Customer is waiting for tickets...
Dec 07, 2024 7:31:06 PM TicketPool retrieveTicket
INFO: Customer is waiting for tickets...
Dec 07, 2024 7:31:06 PM TicketPool retrieveTicket
INFO: Customer is waiting for tickets...
Dec 07, 2024 7:31:06 PM TicketPool retrieveTicket
INFO: Customer is waiting for tickets...
Dec 07, 2024 7:31:06 PM TicketPool addTicket
INFO: Vendor 6 added ticket ID 14
Dec 07, 2024 7:31:06 PM Vendor run
INFO: Vendor 6 added ticket: 14
Dec 07, 2024 7:31:06 PM TicketPool addTicket
INFO: Vendor 3 added ticket ID 13
Dec 07, 2024 7:31:06 PM Ticket <init>
INFO: Ticket created: Ticket{id=15, vendorId=6}
Dec 07, 2024 7:31:06 PM Vendor run
INFO: Vendor 3 added ticket: 13
Dec 07, 2024 7:31:06 PM TicketPool addTicket
INFO: Vendor 1 added ticket ID 12
Dec 07, 2024 7:31:06 PM Ticket <init>
INFO: Ticket created: Ticket{id=16, vendorId=3}
Dec 07, 2024 7:31:06 PM Vendor run
INFO: Vendor 1 added ticket: 12
Dec 07, 2024 7:31:06 PM TicketPool addTicket
INFO: Vendor 4 added ticket ID 11
Dec 07, 2024 7:31:06 PM Ticket <init>
INFO: Ticket created: Ticket{id=17, vendorId=1}
Dec 07, 2024 7:31:06 PM Vendor run
INFO: Vendor 4 added ticket: 11
Dec 07, 2024 7:31:06 PM TicketPool addTicket
INFO: Vendor 2 added ticket ID 9
Dec 07, 2024 7:31:06 PM Ticket <init>
INFO: Ticket created: Ticket{id=18, vendorId=4}
Dec 07, 2024 7:31:06 PM Vendor run
INFO: Vendor 2 added ticket: 9
Dec 07, 2024 7:31:06 PM TicketPool addTicket
INFO: Vendor 7 added ticket ID 8
Dec 07, 2024 7:31:06 PM Ticket <init>
INFO: Ticket created: Ticket{id=19, vendorId=2}
Dec 07, 2024 7:31:06 PM Vendor run
INFO: Vendor 7 added ticket: 8
Dec 07, 2024 7:31:06 PM TicketPool addTicket
INFO: Vendor 5 added ticket ID 10
Dec 07, 2024 7:31:06 PM Vendor run
INFO: Vendor 5 added ticket: 10
Dec 07, 2024 7:31:06 PM Ticket <init>
INFO: Ticket created: Ticket{id=21, vendorId=5}
Dec 07, 2024 7:31:06 PM Ticket <init>
INFO: Ticket created: Ticket{id=20, vendorId=7}
Dec 07, 2024 7:31:06 PM TicketPool retrieveTicket
INFO: Customer retrieved ticket ID 14
Dec 07, 2024 7:31:06 PM Customer run
INFO: Customer 4 successfully purchased ticket ID 14
Dec 07, 2024 7:31:06 PM TicketPool retrieveTicket
INFO: Customer retrieved ticket ID 13
Dec 07, 2024 7:31:06 PM Customer run
INFO: Customer 6 successfully purchased ticket ID 13
Dec 07, 2024 7:31:06 PM TicketPool addTicket
INFO: Vendor 7 added ticket ID 20
Dec 07, 2024 7:31:06 PM Vendor run
INFO: Vendor 7 added ticket: 20
Dec 07, 2024 7:31:06 PM TicketPool addTicket
INFO: Vendor 5 added ticket ID 21
Dec 07, 2024 7:31:06 PM Ticket <init>
INFO: Ticket created: Ticket{id=22, vendorId=7}
Dec 07, 2024 7:31:06 PM Vendor run
INFO: Vendor 5 added ticket: 21
Dec 07, 2024 7:31:06 PM Ticket <init>
INFO: Ticket created: Ticket{id=23, vendorId=5}
Dec 07, 2024 7:31:06 PM TicketPool addTicket
INFO: Vendor 2 is waiting to add tickets...
Dec 07, 2024 7:31:06 PM TicketPool addTicket
INFO: Vendor 4 is waiting to add tickets...
Dec 07, 2024 7:31:06 PM TicketPool addTicket
INFO: Vendor 1 is waiting to add tickets...
Dec 07, 2024 7:31:06 PM TicketPool addTicket
INFO: Vendor 3 is waiting to add tickets...
Dec 07, 2024 7:31:06 PM TicketPool addTicket
INFO: Vendor 6 is waiting to add tickets...
Dec 07, 2024 7:31:06 PM TicketPool retrieveTicket
INFO: Customer retrieved ticket ID 12
Dec 07, 2024 7:31:06 PM Customer run
INFO: Customer 7 successfully purchased ticket ID 12
Dec 07, 2024 7:31:06 PM TicketPool retrieveTicket
INFO: Customer retrieved ticket ID 11
Dec 07, 2024 7:31:06 PM Customer run
INFO: Customer 2 successfully purchased ticket ID 11
Dec 07, 2024 7:31:06 PM TicketPool retrieveTicket
INFO: Customer retrieved ticket ID 9
Dec 07, 2024 7:31:06 PM Customer run
INFO: Customer 1 successfully purchased ticket ID 9
Dec 07, 2024 7:31:06 PM TicketPool retrieveTicket
INFO: Customer retrieved ticket ID 8
Dec 07, 2024 7:31:06 PM Customer run
INFO: Customer 5 successfully purchased ticket ID 8
Dec 07, 2024 7:31:06 PM TicketPool retrieveTicket
INFO: Customer retrieved ticket ID 10
Dec 07, 2024 7:31:06 PM Customer run
INFO: Customer 3 successfully purchased ticket ID 10
Dec 07, 2024 7:31:06 PM TicketPool addTicket
INFO: Vendor 6 added ticket ID 15
Dec 07, 2024 7:31:06 PM Vendor run
INFO: Vendor 6 added ticket: 15
Dec 07, 2024 7:31:06 PM TicketPool addTicket
INFO: Vendor 3 added ticket ID 16
Dec 07, 2024 7:31:06 PM Vendor run
INFO: Vendor 3 added ticket: 16
Dec 07, 2024 7:31:06 PM Ticket <init>
INFO: Ticket created: Ticket{id=25, vendorId=3}
Dec 07, 2024 7:31:06 PM Ticket <init>
INFO: Ticket created: Ticket{id=24, vendorId=6}
Dec 07, 2024 7:31:06 PM TicketPool addTicket
INFO: Vendor 1 added ticket ID 17
Dec 07, 2024 7:31:06 PM Vendor run
INFO: Vendor 1 added ticket: 17
Dec 07, 2024 7:31:06 PM Ticket <init>
INFO: Ticket created: Ticket{id=26, vendorId=1}
Dec 07, 2024 7:31:06 PM TicketPool addTicket
INFO: Vendor 4 added ticket ID 18
Dec 07, 2024 7:31:06 PM Vendor run
INFO: Vendor 4 added ticket: 18
Dec 07, 2024 7:31:06 PM Ticket <init>
INFO: Ticket created: Ticket{id=27, vendorId=4}
Dec 07, 2024 7:31:06 PM TicketPool addTicket
INFO: Vendor 2 added ticket ID 19
Dec 07, 2024 7:31:06 PM Vendor run
INFO: Vendor 2 added ticket: 19
Dec 07, 2024 7:31:06 PM Ticket <init>
INFO: Ticket created: Ticket{id=28, vendorId=2}
Dec 07, 2024 7:31:06 PM TicketPool addTicket
INFO: Vendor 5 is waiting to add tickets...
Dec 07, 2024 7:31:06 PM TicketPool addTicket
INFO: Vendor 7 is waiting to add tickets...
Dec 07, 2024 7:31:06 PM TicketPool addTicket
INFO: Vendor 2 is waiting to add tickets...
Dec 07, 2024 7:31:06 PM TicketPool addTicket
INFO: Vendor 4 is waiting to add tickets...
Dec 07, 2024 7:31:06 PM TicketPool addTicket
INFO: Vendor 1 is waiting to add tickets...
Dec 07, 2024 7:31:06 PM TicketPool addTicket
INFO: Vendor 6 is waiting to add tickets...
Dec 07, 2024 7:31:06 PM TicketPool addTicket
INFO: Vendor 3 is waiting to add tickets...
Dec 07, 2024 7:31:07 PM TicketingSystem controlSystem
INFO: Exiting the Ticketing System CLI
Dec 07, 2024 7:31:07 PM TicketPool addTicket
SEVERE: Vendor was interrupted while waiting to add tickets.
Dec 07, 2024 7:31:07 PM Vendor run
INFO: Vendor 3 added ticket: 25
Dec 07, 2024 7:31:07 PM Ticket <init>
INFO: Ticket created: Ticket{id=29, vendorId=3}
Dec 07, 2024 7:31:07 PM Customer run
WARNING: Customer 2 was interrupted.
Dec 07, 2024 7:31:07 PM TicketPool addTicket
SEVERE: Vendor was interrupted while waiting to add tickets.
Dec 07, 2024 7:31:07 PM Customer run
WARNING: Customer 3 was interrupted.
Dec 07, 2024 7:31:07 PM Customer run
WARNING: Customer 7 was interrupted.
Dec 07, 2024 7:31:07 PM Customer run
WARNING: Customer 5 was interrupted.
Dec 07, 2024 7:31:07 PM Customer run
WARNING: Customer 4 was interrupted.
Dec 07, 2024 7:31:07 PM Customer run
WARNING: Customer 1 was interrupted.
Dec 07, 2024 7:31:07 PM Customer run
WARNING: Customer 6 was interrupted.
Dec 07, 2024 7:31:07 PM TicketPool addTicket
SEVERE: Vendor was interrupted while waiting to add tickets.
Dec 07, 2024 7:31:07 PM Vendor run
INFO: Vendor 7 added ticket: 22
Dec 07, 2024 7:31:07 PM Customer run
INFO: Customer 2 has finished all attempts.
Dec 07, 2024 7:31:07 PM Customer run
INFO: Customer 3 has finished all attempts.
Dec 07, 2024 7:31:07 PM Customer run
INFO: Customer 7 has finished all attempts.
Dec 07, 2024 7:31:07 PM Customer run
INFO: Customer 5 has finished all attempts.
Dec 07, 2024 7:31:07 PM Customer run
INFO: Customer 4 has finished all attempts.
Dec 07, 2024 7:31:07 PM Customer run
INFO: Customer 1 has finished all attempts.
Dec 07, 2024 7:31:07 PM Customer run
INFO: Customer 6 has finished all attempts.
Dec 07, 2024 7:31:07 PM Vendor run
INFO: Vendor 2 added ticket: 28
Dec 07, 2024 7:31:07 PM Ticket <init>
INFO: Ticket created: Ticket{id=31, vendorId=2}
Dec 07, 2024 7:31:07 PM TicketPool addTicket
SEVERE: Vendor was interrupted while waiting to add tickets.
Dec 07, 2024 7:31:07 PM TicketPool addTicket
SEVERE: Vendor was interrupted while waiting to add tickets.
Dec 07, 2024 7:31:07 PM Ticket <init>
INFO: Ticket created: Ticket{id=30, vendorId=7}
Dec 07, 2024 7:31:07 PM Vendor run
INFO: Vendor 4 added ticket: 27
Dec 07, 2024 7:31:07 PM Vendor run
INFO: Vendor 5 added ticket: 23
Dec 07, 2024 7:31:07 PM Ticket <init>
INFO: Ticket created: Ticket{id=33, vendorId=5}
Dec 07, 2024 7:31:07 PM TicketPool addTicket
SEVERE: Vendor was interrupted while waiting to add tickets.
Dec 07, 2024 7:31:07 PM Ticket <init>
INFO: Ticket created: Ticket{id=32, vendorId=4}
Dec 07, 2024 7:31:07 PM Vendor run
INFO: Vendor 6 added ticket: 24
Dec 07, 2024 7:31:07 PM TicketPool addTicket
SEVERE: Vendor was interrupted while waiting to add tickets.
Dec 07, 2024 7:31:07 PM Ticket <init>
INFO: Ticket created: Ticket{id=34, vendorId=6}
Dec 07, 2024 7:31:07 PM Vendor run
INFO: Vendor 1 added ticket: 26
Dec 07, 2024 7:31:07 PM TicketPool addTicket
INFO: Vendor 4 is waiting to add tickets...
Dec 07, 2024 7:31:07 PM Ticket <init>
INFO: Ticket created: Ticket{id=35, vendorId=1}
Dec 07, 2024 7:31:07 PM TicketPool addTicket
SEVERE: Vendor was interrupted while waiting to add tickets.
Dec 07, 2024 7:31:07 PM Vendor run
INFO: Vendor 4 added ticket: 32
Dec 07, 2024 7:31:07 PM TicketPool addTicket
INFO: Vendor 5 is waiting to add tickets...
Dec 07, 2024 7:31:07 PM Ticket <init>
INFO: Ticket created: Ticket{id=36, vendorId=4}
Dec 07, 2024 7:31:07 PM TicketPool addTicket
SEVERE: Vendor was interrupted while waiting to add tickets.
Dec 07, 2024 7:31:07 PM TicketPool addTicket
INFO: Vendor 7 is waiting to add tickets...
Dec 07, 2024 7:31:07 PM Vendor run
INFO: Vendor 5 added ticket: 33
Dec 07, 2024 7:31:07 PM TicketPool addTicket
SEVERE: Vendor was interrupted while waiting to add tickets.
Dec 07, 2024 7:31:07 PM Ticket <init>
INFO: Ticket created: Ticket{id=37, vendorId=5}
Dec 07, 2024 7:31:07 PM Vendor run
INFO: Vendor 7 added ticket: 30
Dec 07, 2024 7:31:07 PM Ticket <init>
INFO: Ticket created: Ticket{id=38, vendorId=7}
Dec 07, 2024 7:31:07 PM TicketPool addTicket
INFO: Vendor 2 is waiting to add tickets...
Dec 07, 2024 7:31:07 PM TicketPool addTicket
SEVERE: Vendor was interrupted while waiting to add tickets.
Dec 07, 2024 7:31:07 PM Vendor run
INFO: Vendor 2 added ticket: 31
Dec 07, 2024 7:31:07 PM TicketPool addTicket
INFO: Vendor 3 is waiting to add tickets...
Dec 07, 2024 7:31:07 PM TicketPool addTicket
SEVERE: Vendor was interrupted while waiting to add tickets.
Dec 07, 2024 7:31:07 PM Ticket <init>
INFO: Ticket created: Ticket{id=39, vendorId=2}
Dec 07, 2024 7:31:07 PM Vendor run
INFO: Vendor 3 added ticket: 29
Dec 07, 2024 7:31:07 PM TicketPool addTicket
INFO: Vendor 7 is waiting to add tickets...
Dec 07, 2024 7:31:07 PM Ticket <init>
INFO: Ticket created: Ticket{id=40, vendorId=3}
Dec 07, 2024 7:31:07 PM TicketPool addTicket
SEVERE: Vendor was interrupted while waiting to add tickets.
Dec 07, 2024 7:31:07 PM Vendor run
INFO: Vendor 7 added ticket: 38
Dec 07, 2024 7:31:07 PM TicketPool addTicket
INFO: Vendor 5 is waiting to add tickets...
Dec 07, 2024 7:31:07 PM Ticket <init>
INFO: Ticket created: Ticket{id=41, vendorId=7}
Dec 07, 2024 7:31:07 PM TicketPool addTicket
SEVERE: Vendor was interrupted while waiting to add tickets.
Dec 07, 2024 7:31:07 PM Vendor run
INFO: Vendor 5 added ticket: 37
Dec 07, 2024 7:31:07 PM TicketPool addTicket
INFO: Vendor 4 is waiting to add tickets...
Dec 07, 2024 7:31:07 PM Ticket <init>
INFO: Ticket created: Ticket{id=42, vendorId=5}
Dec 07, 2024 7:31:07 PM TicketPool addTicket
SEVERE: Vendor was interrupted while waiting to add tickets.
Dec 07, 2024 7:31:07 PM TicketPool addTicket
INFO: Vendor 1 is waiting to add tickets...
Dec 07, 2024 7:31:07 PM Vendor run
INFO: Vendor 4 added ticket: 36
Dec 07, 2024 7:31:07 PM TicketPool addTicket
SEVERE: Vendor was interrupted while waiting to add tickets.
Dec 07, 2024 7:31:07 PM Ticket <init>
INFO: Ticket created: Ticket{id=43, vendorId=4}
Dec 07, 2024 7:31:07 PM Vendor run
INFO: Vendor 1 added ticket: 35
Dec 07, 2024 7:31:07 PM Ticket <init>
INFO: Ticket created: Ticket{id=44, vendorId=1}
Dec 07, 2024 7:31:07 PM TicketPool addTicket
INFO: Vendor 6 is waiting to add tickets...
Dec 07, 2024 7:31:07 PM TicketPool addTicket
SEVERE: Vendor was interrupted while waiting to add tickets.
Dec 07, 2024 7:31:07 PM Vendor run
INFO: Vendor 6 added ticket: 34
Dec 07, 2024 7:31:07 PM TicketPool addTicket
INFO: Vendor 1 is waiting to add tickets...
Dec 07, 2024 7:31:07 PM Ticket <init>
INFO: Ticket created: Ticket{id=45, vendorId=6}
Dec 07, 2024 7:31:07 PM TicketPool addTicket
SEVERE: Vendor was interrupted while waiting to add tickets.
Dec 07, 2024 7:31:07 PM Vendor run
INFO: Vendor 1 added ticket: 44
Dec 07, 2024 7:31:07 PM TicketPool addTicket
INFO: Vendor 4 is waiting to add tickets...
Dec 07, 2024 7:31:07 PM Ticket <init>
INFO: Ticket created: Ticket{id=46, vendorId=1}
Dec 07, 2024 7:31:07 PM TicketPool addTicket
SEVERE: Vendor was interrupted while waiting to add tickets.
Dec 07, 2024 7:31:07 PM Vendor run
INFO: Vendor 4 added ticket: 43
Dec 07, 2024 7:31:07 PM TicketPool addTicket
INFO: Vendor 5 is waiting to add tickets...
Dec 07, 2024 7:31:07 PM TicketPool addTicket
SEVERE: Vendor was interrupted while waiting to add tickets.
Dec 07, 2024 7:31:07 PM Vendor run
INFO: Vendor 5 added ticket: 42
Dec 07, 2024 7:31:07 PM Vendor run
WARNING: Vendor 5 was unable to release tickets due to high demand. Please wait for the next ticket release cycle.
Dec 07, 2024 7:31:07 PM Vendor run
WARNING: Vendor 4 was unable to release tickets due to high demand. Please wait for the next ticket release cycle.
Dec 07, 2024 7:31:07 PM TicketPool addTicket
INFO: Vendor 7 is waiting to add tickets...
Dec 07, 2024 7:31:07 PM TicketPool addTicket
SEVERE: Vendor was interrupted while waiting to add tickets.
Dec 07, 2024 7:31:07 PM TicketPool addTicket
INFO: Vendor 3 is waiting to add tickets...
Dec 07, 2024 7:31:07 PM TicketPool addTicket
SEVERE: Vendor was interrupted while waiting to add tickets.
Dec 07, 2024 7:31:07 PM Vendor run
INFO: Vendor 3 added ticket: 40
Dec 07, 2024 7:31:07 PM Ticket <init>
INFO: Ticket created: Ticket{id=47, vendorId=3}
Dec 07, 2024 7:31:07 PM Vendor run
INFO: Vendor 7 added ticket: 41
Dec 07, 2024 7:31:07 PM TicketPool addTicket
INFO: Vendor 2 is waiting to add tickets...
Dec 07, 2024 7:31:07 PM Vendor run
WARNING: Vendor 7 was unable to release tickets due to high demand. Please wait for the next ticket release cycle.
Dec 07, 2024 7:31:07 PM TicketPool addTicket
SEVERE: Vendor was interrupted while waiting to add tickets.
Dec 07, 2024 7:31:07 PM Vendor run
INFO: Vendor 2 added ticket: 39
Dec 07, 2024 7:31:07 PM TicketPool addTicket
INFO: Vendor 3 is waiting to add tickets...
Dec 07, 2024 7:31:07 PM Ticket <init>
INFO: Ticket created: Ticket{id=48, vendorId=2}
Dec 07, 2024 7:31:07 PM TicketPool addTicket
SEVERE: Vendor was interrupted while waiting to add tickets.
Dec 07, 2024 7:31:07 PM Vendor run
INFO: Vendor 3 added ticket: 47
Dec 07, 2024 7:31:07 PM Vendor run
WARNING: Vendor 3 was unable to release tickets due to high demand. Please wait for the next ticket release cycle.
Dec 07, 2024 7:31:07 PM TicketPool addTicket
INFO: Vendor 1 is waiting to add tickets...
Dec 07, 2024 7:31:07 PM TicketPool addTicket
SEVERE: Vendor was interrupted while waiting to add tickets.
Dec 07, 2024 7:31:07 PM Vendor run
INFO: Vendor 1 added ticket: 46
Dec 07, 2024 7:31:07 PM TicketPool addTicket
INFO: Vendor 6 is waiting to add tickets...
Dec 07, 2024 7:31:07 PM Vendor run
WARNING: Vendor 1 was unable to release tickets due to high demand. Please wait for the next ticket release cycle.
Dec 07, 2024 7:31:07 PM TicketPool addTicket
SEVERE: Vendor was interrupted while waiting to add tickets.
Dec 07, 2024 7:31:07 PM Vendor run
INFO: Vendor 6 added ticket: 45
Dec 07, 2024 7:31:07 PM TicketPool addTicket
INFO: Vendor 2 is waiting to add tickets...
Dec 07, 2024 7:31:07 PM TicketPool addTicket
SEVERE: Vendor was interrupted while waiting to add tickets.
Dec 07, 2024 7:31:07 PM Vendor run
INFO: Vendor 2 added ticket: 48
Dec 07, 2024 7:31:07 PM Vendor run
WARNING: Vendor 2 was unable to release tickets due to high demand. Please wait for the next ticket release cycle.
Dec 07, 2024 7:31:07 PM Ticket <init>
INFO: Ticket created: Ticket{id=49, vendorId=6}
Dec 07, 2024 7:31:07 PM TicketPool addTicket
INFO: Vendor 6 is waiting to add tickets...
Dec 07, 2024 7:31:07 PM TicketPool addTicket
SEVERE: Vendor was interrupted while waiting to add tickets.
Dec 07, 2024 7:31:07 PM Vendor run
INFO: Vendor 6 added ticket: 49
Dec 07, 2024 7:31:07 PM Vendor run
WARNING: Vendor 6 was unable to release tickets due to high demand. Please wait for the next ticket release cycle.
Dec 07, 2024 7:31:07 PM TicketPool getCurrentSize
INFO: Current ticket pool size: 7
Dec 07, 2024 7:31:07 PM TicketPool updateTicketStatusOnCommand
INFO: TicketStatus table updated successfully with system status: EXIT
