Dec 07, 2024 8:45:07 AM TicketingSystem main
INFO: Starting the Ticketing System CLI
Dec 07, 2024 8:45:13 AM SystemConfiguration initializeConfiguration
INFO: Initializing system configuration...
Dec 07, 2024 8:45:25 AM SystemConfiguration initializeConfiguration
INFO: System configuration initialized successfully.
Dec 07, 2024 8:45:25 AM SystemConfiguration initializeConfiguration
INFO: Configuration saved to the database.
Dec 07, 2024 8:45:25 AM SystemConfiguration saveToFile
INFO: Configuration saved to file: system_configuration.json
Dec 07, 2024 8:45:25 AM SystemConfiguration initializeConfiguration
INFO: System configuration serialized to file successfully.
Dec 07, 2024 8:45:25 AM FileConfiguration saveConfigurationToFile
INFO: Configuration saved to file: configurations/System_Configuration_2024-12-07_08-45-25.txt
Dec 07, 2024 8:45:25 AM SystemConfiguration initializeConfiguration
INFO: System configuration saved to file successfully.
Dec 07, 2024 8:45:25 AM TicketPool <init>
INFO: Ticket pool initialized with maxCapacity: 50
Dec 07, 2024 8:45:27 AM TicketPool retrieveTicket
INFO: Customer is waiting for tickets...
Dec 07, 2024 8:45:27 AM TicketPool getCurrentSize
INFO: Current ticket pool size: 0
Dec 07, 2024 8:45:27 AM TicketingSystem monitorTicketingOperations
INFO: Monitoring Ticket Pool: Current Size = 0
Dec 07, 2024 8:45:27 AM TicketingSystem monitorTicketingOperations
WARNING: Warning: Ticket pool is empty!
Dec 07, 2024 8:45:27 AM Ticket <init>
INFO: Ticket created: Ticket{id=1, vendorId=1}
Dec 07, 2024 8:45:27 AM TicketPool addTicket
INFO: Vendor 1 added ticket ID 1
Dec 07, 2024 8:45:27 AM TicketPool retrieveTicket
INFO: Customer retrieved ticket ID 1
Dec 07, 2024 8:45:27 AM Customer run
INFO: Customer 1 successfully purchased ticket ID 1
Dec 07, 2024 8:45:27 AM TicketPool retrieveTicket
INFO: Customer is waiting for tickets...
Dec 07, 2024 8:45:27 AM Vendor run
INFO: Vendor 1 added ticket: 1
Dec 07, 2024 8:45:27 AM Ticket <init>
INFO: Ticket created: Ticket{id=2, vendorId=1}
Dec 07, 2024 8:45:27 AM TicketPool addTicket
INFO: Vendor 1 added ticket ID 2
Dec 07, 2024 8:45:27 AM Vendor run
INFO: Vendor 1 added ticket: 2
Dec 07, 2024 8:45:27 AM TicketPool retrieveTicket
INFO: Customer retrieved ticket ID 2
Dec 07, 2024 8:45:27 AM Customer run
INFO: Customer 1 successfully purchased ticket ID 2
Dec 07, 2024 8:45:28 AM Ticket <init>
INFO: Ticket created: Ticket{id=3, vendorId=1}
Dec 07, 2024 8:45:28 AM TicketPool addTicket
INFO: Vendor 1 added ticket ID 3
Dec 07, 2024 8:45:28 AM Vendor run
INFO: Vendor 1 added ticket: 3
Dec 07, 2024 8:45:28 AM Ticket <init>
INFO: Ticket created: Ticket{id=4, vendorId=1}
Dec 07, 2024 8:45:28 AM TicketPool addTicket
INFO: Vendor 1 added ticket ID 4
Dec 07, 2024 8:45:28 AM Vendor run
INFO: Vendor 1 added ticket: 4
Dec 07, 2024 8:45:29 AM TicketPool retrieveTicket
INFO: Customer retrieved ticket ID 3
Dec 07, 2024 8:45:29 AM Customer run
INFO: Customer 1 successfully purchased ticket ID 3
Dec 07, 2024 8:45:29 AM TicketPool retrieveTicket
INFO: Customer retrieved ticket ID 4
Dec 07, 2024 8:45:29 AM Customer run
INFO: Customer 1 successfully purchased ticket ID 4
Dec 07, 2024 8:45:29 AM Ticket <init>
INFO: Ticket created: Ticket{id=5, vendorId=1}
Dec 07, 2024 8:45:29 AM TicketPool addTicket
INFO: Vendor 1 added ticket ID 5
Dec 07, 2024 8:45:29 AM Vendor run
INFO: Vendor 1 added ticket: 5
Dec 07, 2024 8:45:29 AM Ticket <init>
INFO: Ticket created: Ticket{id=6, vendorId=1}
Dec 07, 2024 8:45:29 AM TicketPool addTicket
INFO: Vendor 1 added ticket ID 6
Dec 07, 2024 8:45:29 AM Vendor run
INFO: Vendor 1 added ticket: 6
Dec 07, 2024 8:45:30 AM Ticket <init>
INFO: Ticket created: Ticket{id=7, vendorId=1}
Dec 07, 2024 8:45:30 AM TicketPool addTicket
INFO: Vendor 1 added ticket ID 7
Dec 07, 2024 8:45:30 AM Vendor run
INFO: Vendor 1 added ticket: 7
Dec 07, 2024 8:45:30 AM Ticket <init>
INFO: Ticket created: Ticket{id=8, vendorId=1}
Dec 07, 2024 8:45:30 AM TicketPool addTicket
INFO: Vendor 1 added ticket ID 8
Dec 07, 2024 8:45:30 AM Vendor run
INFO: Vendor 1 added ticket: 8
Dec 07, 2024 8:45:31 AM TicketPool retrieveTicket
INFO: Customer retrieved ticket ID 5
Dec 07, 2024 8:45:31 AM Customer run
INFO: Customer 1 successfully purchased ticket ID 5
Dec 07, 2024 8:45:31 AM TicketPool retrieveTicket
INFO: Customer retrieved ticket ID 6
Dec 07, 2024 8:45:31 AM Customer run
INFO: Customer 1 successfully purchased ticket ID 6
Dec 07, 2024 8:45:31 AM Ticket <init>
INFO: Ticket created: Ticket{id=9, vendorId=1}
Dec 07, 2024 8:45:31 AM TicketPool addTicket
INFO: Vendor 1 added ticket ID 9
Dec 07, 2024 8:45:31 AM Vendor run
INFO: Vendor 1 added ticket: 9
Dec 07, 2024 8:45:31 AM Ticket <init>
INFO: Ticket created: Ticket{id=10, vendorId=1}
Dec 07, 2024 8:45:31 AM TicketPool addTicket
INFO: Vendor 1 added ticket ID 10
Dec 07, 2024 8:45:31 AM Vendor run
INFO: Vendor 1 added ticket: 10
Dec 07, 2024 8:45:32 AM TicketPool getCurrentSize
INFO: Current ticket pool size: 4
Dec 07, 2024 8:45:32 AM TicketingSystem monitorTicketingOperations
INFO: Monitoring Ticket Pool: Current Size = 4
Dec 07, 2024 8:45:33 AM TicketPool retrieveTicket
INFO: Customer retrieved ticket ID 7
Dec 07, 2024 8:45:33 AM Customer run
INFO: Customer 1 successfully purchased ticket ID 7
Dec 07, 2024 8:45:33 AM TicketPool retrieveTicket
INFO: Customer retrieved ticket ID 8
Dec 07, 2024 8:45:33 AM Customer run
INFO: Customer 1 successfully purchased ticket ID 8
Dec 07, 2024 8:45:35 AM TicketPool retrieveTicket
INFO: Customer retrieved ticket ID 9
Dec 07, 2024 8:45:35 AM Customer run
INFO: Customer 1 successfully purchased ticket ID 9
Dec 07, 2024 8:45:35 AM TicketPool retrieveTicket
INFO: Customer retrieved ticket ID 10
Dec 07, 2024 8:45:35 AM Customer run
INFO: Customer 1 successfully purchased ticket ID 10
Dec 07, 2024 8:45:37 AM TicketPool getCurrentSize
INFO: Current ticket pool size: 0
Dec 07, 2024 8:45:37 AM TicketingSystem monitorTicketingOperations
INFO: Monitoring Ticket Pool: Current Size = 0
Dec 07, 2024 8:45:37 AM TicketingSystem monitorTicketingOperations
WARNING: Warning: Ticket pool is empty!
Dec 07, 2024 8:45:37 AM TicketPool retrieveTicket
INFO: Customer is waiting for tickets...
Dec 07, 2024 8:45:42 AM TicketPool getCurrentSize
INFO: Current ticket pool size: 0
Dec 07, 2024 8:45:42 AM TicketingSystem monitorTicketingOperations
INFO: Monitoring Ticket Pool: Current Size = 0
Dec 07, 2024 8:45:42 AM TicketingSystem monitorTicketingOperations
WARNING: Warning: Ticket pool is empty!
Dec 07, 2024 8:45:47 AM TicketPool getCurrentSize
INFO: Current ticket pool size: 0
Dec 07, 2024 8:45:47 AM TicketingSystem monitorTicketingOperations
INFO: Monitoring Ticket Pool: Current Size = 0
Dec 07, 2024 8:45:47 AM TicketingSystem monitorTicketingOperations
WARNING: Warning: Ticket pool is empty!
Dec 07, 2024 8:45:49 AM TicketPool retrieveTicket
SEVERE: Customer was interrupted while waiting for tickets.
Dec 07, 2024 8:45:49 AM Customer run
INFO: Customer 1 found no tickets available.
Dec 07, 2024 8:45:49 AM Customer run
INFO: Customer 1 has finished all attempts.
Dec 07, 2024 8:45:49 AM TicketPool getCurrentSize
INFO: Current ticket pool size: 0
Dec 07, 2024 8:45:49 AM TicketPool updateTicketStatusOnCommand
INFO: TicketStatus table updated successfully with system status: STOP
Dec 07, 2024 8:45:52 AM TicketingSystem controlSystem
INFO: Exiting the Ticketing System CLI
Dec 07, 2024 8:45:52 AM TicketPool getCurrentSize
INFO: Current ticket pool size: 0
Dec 07, 2024 8:45:52 AM TicketPool updateTicketStatusOnCommand
INFO: TicketStatus table updated successfully with system status: EXIT
