Dec 07, 2024 10:44:08 AM TicketingSystem main
INFO: Starting the Ticketing System CLI
Dec 07, 2024 10:44:24 AM SystemConfiguration initializeConfiguration
INFO: Initializing system configuration...
Dec 07, 2024 10:44:52 AM SystemConfiguration initializeConfiguration
INFO: System configuration initialized successfully.
Dec 07, 2024 10:44:52 AM SystemConfiguration initializeConfiguration
INFO: Configuration saved to the database.
Dec 07, 2024 10:44:52 AM SystemConfiguration saveToFile
INFO: Configuration saved to file: system_configuration.json
Dec 07, 2024 10:44:52 AM SystemConfiguration initializeConfiguration
INFO: System configuration serialized to file successfully.
Dec 07, 2024 10:44:52 AM FileConfiguration saveConfigurationToFile
INFO: Configuration saved to file: configurations/System_Configuration_2024-12-07_10-44-52.txt
Dec 07, 2024 10:44:52 AM SystemConfiguration initializeConfiguration
INFO: System configuration saved to file successfully.
Dec 07, 2024 10:44:52 AM TicketPool <init>
INFO: Ticket pool initialized with maxCapacity: 20
Dec 07, 2024 10:44:55 AM TicketPool retrieveTicket
INFO: Customer is waiting for tickets...
Dec 07, 2024 10:44:55 AM TicketPool retrieveTicket
INFO: Customer is waiting for tickets...
Dec 07, 2024 10:44:55 AM TicketPool getCurrentSize
INFO: Current ticket pool size: 0
Dec 07, 2024 10:44:55 AM TicketPool retrieveTicket
INFO: Customer is waiting for tickets...
Dec 07, 2024 10:44:55 AM TicketingSystem monitorTicketingOperations
INFO: Monitoring Ticket Pool: Current Size = 0
Dec 07, 2024 10:44:55 AM Ticket <init>
INFO: Ticket created: Ticket{id=2, vendorId=2}
Dec 07, 2024 10:44:55 AM Ticket <init>
INFO: Ticket created: Ticket{id=1, vendorId=1}
Dec 07, 2024 10:44:55 AM TicketingSystem monitorTicketingOperations
WARNING: Warning: Ticket pool is empty!
Dec 07, 2024 10:44:55 AM TicketPool addTicket
INFO: Vendor 2 added ticket ID 2
Dec 07, 2024 10:44:55 AM TicketPool retrieveTicket
INFO: Customer retrieved ticket ID 2
Dec 07, 2024 10:44:55 AM Vendor run
INFO: Vendor 2 added ticket: 2
Dec 07, 2024 10:44:55 AM Customer run
INFO: Customer 2 successfully purchased ticket ID 2
Dec 07, 2024 10:44:55 AM TicketPool retrieveTicket
INFO: Customer is waiting for tickets...
Dec 07, 2024 10:44:55 AM Ticket <init>
INFO: Ticket created: Ticket{id=3, vendorId=2}
Dec 07, 2024 10:44:55 AM TicketPool retrieveTicket
INFO: Customer is waiting for tickets...
Dec 07, 2024 10:44:55 AM TicketPool addTicket
INFO: Vendor 1 added ticket ID 1
Dec 07, 2024 10:44:55 AM Vendor run
INFO: Vendor 1 added ticket: 1
Dec 07, 2024 10:44:55 AM TicketPool retrieveTicket
INFO: Customer retrieved ticket ID 1
Dec 07, 2024 10:44:55 AM Ticket <init>
INFO: Ticket created: Ticket{id=4, vendorId=1}
Dec 07, 2024 10:44:55 AM Customer run
INFO: Customer 1 successfully purchased ticket ID 1
Dec 07, 2024 10:44:55 AM TicketPool retrieveTicket
INFO: Customer is waiting for tickets...
Dec 07, 2024 10:44:55 AM TicketPool addTicket
INFO: Vendor 2 added ticket ID 3
Dec 07, 2024 10:44:55 AM Vendor run
INFO: Vendor 2 added ticket: 3
Dec 07, 2024 10:44:55 AM Ticket <init>
INFO: Ticket created: Ticket{id=5, vendorId=2}
Dec 07, 2024 10:44:55 AM TicketPool retrieveTicket
INFO: Customer retrieved ticket ID 3
Dec 07, 2024 10:44:55 AM TicketPool addTicket
INFO: Vendor 2 added ticket ID 5
Dec 07, 2024 10:44:55 AM Vendor run
INFO: Vendor 2 added ticket: 5
Dec 07, 2024 10:44:55 AM Ticket <init>
INFO: Ticket created: Ticket{id=6, vendorId=2}
Dec 07, 2024 10:44:55 AM Customer run
INFO: Customer 2 successfully purchased ticket ID 3
Dec 07, 2024 10:44:55 AM TicketPool retrieveTicket
INFO: Customer retrieved ticket ID 5
Dec 07, 2024 10:44:55 AM Customer run
INFO: Customer 3 successfully purchased ticket ID 5
Dec 07, 2024 10:44:55 AM TicketPool retrieveTicket
INFO: Customer is waiting for tickets...
Dec 07, 2024 10:44:55 AM TicketPool addTicket
INFO: Vendor 1 added ticket ID 4
Dec 07, 2024 10:44:55 AM Vendor run
INFO: Vendor 1 added ticket: 4
Dec 07, 2024 10:44:55 AM Ticket <init>
INFO: Ticket created: Ticket{id=7, vendorId=1}
Dec 07, 2024 10:44:55 AM TicketPool retrieveTicket
INFO: Customer retrieved ticket ID 4
Dec 07, 2024 10:44:55 AM TicketPool addTicket
INFO: Vendor 1 added ticket ID 7
Dec 07, 2024 10:44:55 AM Vendor run
INFO: Vendor 1 added ticket: 7
Dec 07, 2024 10:44:55 AM Customer run
INFO: Customer 1 successfully purchased ticket ID 4
Dec 07, 2024 10:44:55 AM TicketPool retrieveTicket
INFO: Customer retrieved ticket ID 7
Dec 07, 2024 10:44:55 AM TicketPool addTicket
INFO: Vendor 2 added ticket ID 6
Dec 07, 2024 10:44:55 AM Ticket <init>
INFO: Ticket created: Ticket{id=8, vendorId=1}
Dec 07, 2024 10:44:55 AM TicketPool addTicket
INFO: Vendor 1 added ticket ID 8
Dec 07, 2024 10:44:55 AM Vendor run
INFO: Vendor 1 added ticket: 8
Dec 07, 2024 10:44:55 AM Ticket <init>
INFO: Ticket created: Ticket{id=9, vendorId=1}
Dec 07, 2024 10:44:55 AM TicketPool addTicket
INFO: Vendor 1 added ticket ID 9
Dec 07, 2024 10:44:55 AM Vendor run
INFO: Vendor 1 added ticket: 9
Dec 07, 2024 10:44:55 AM Customer run
INFO: Customer 3 successfully purchased ticket ID 7
Dec 07, 2024 10:44:55 AM Vendor run
INFO: Vendor 2 added ticket: 6
Dec 07, 2024 10:44:55 AM Ticket <init>
INFO: Ticket created: Ticket{id=10, vendorId=2}
Dec 07, 2024 10:44:55 AM TicketPool addTicket
INFO: Vendor 2 added ticket ID 10
Dec 07, 2024 10:44:55 AM Vendor run
INFO: Vendor 2 added ticket: 10
Dec 07, 2024 10:44:56 AM Ticket <init>
INFO: Ticket created: Ticket{id=11, vendorId=1}
Dec 07, 2024 10:44:56 AM TicketPool addTicket
INFO: Vendor 1 added ticket ID 11
Dec 07, 2024 10:44:56 AM Vendor run
INFO: Vendor 1 added ticket: 11
Dec 07, 2024 10:44:56 AM Ticket <init>
INFO: Ticket created: Ticket{id=12, vendorId=1}
Dec 07, 2024 10:44:56 AM TicketPool addTicket
INFO: Vendor 1 added ticket ID 12
Dec 07, 2024 10:44:56 AM Vendor run
INFO: Vendor 1 added ticket: 12
Dec 07, 2024 10:44:56 AM Ticket <init>
INFO: Ticket created: Ticket{id=13, vendorId=1}
Dec 07, 2024 10:44:56 AM TicketPool addTicket
INFO: Vendor 1 added ticket ID 13
Dec 07, 2024 10:44:56 AM Ticket <init>
INFO: Ticket created: Ticket{id=14, vendorId=2}
Dec 07, 2024 10:44:56 AM TicketPool addTicket
INFO: Vendor 2 added ticket ID 14
Dec 07, 2024 10:44:56 AM Vendor run
INFO: Vendor 2 added ticket: 14
Dec 07, 2024 10:44:56 AM Ticket <init>
INFO: Ticket created: Ticket{id=15, vendorId=2}
Dec 07, 2024 10:44:56 AM TicketPool addTicket
INFO: Vendor 2 added ticket ID 15
Dec 07, 2024 10:44:56 AM Vendor run
INFO: Vendor 2 added ticket: 15
Dec 07, 2024 10:44:56 AM Vendor run
INFO: Vendor 1 added ticket: 13
Dec 07, 2024 10:44:56 AM Ticket <init>
INFO: Ticket created: Ticket{id=17, vendorId=1}
Dec 07, 2024 10:44:56 AM TicketPool addTicket
INFO: Vendor 1 added ticket ID 17
Dec 07, 2024 10:44:56 AM Vendor run
INFO: Vendor 1 added ticket: 17
Dec 07, 2024 10:44:56 AM Ticket <init>
INFO: Ticket created: Ticket{id=16, vendorId=2}
Dec 07, 2024 10:44:56 AM Ticket <init>
INFO: Ticket created: Ticket{id=18, vendorId=1}
Dec 07, 2024 10:44:56 AM TicketPool addTicket
INFO: Vendor 2 added ticket ID 16
Dec 07, 2024 10:44:56 AM Vendor run
INFO: Vendor 2 added ticket: 16
Dec 07, 2024 10:44:56 AM TicketPool addTicket
INFO: Vendor 1 added ticket ID 18
Dec 07, 2024 10:44:56 AM Vendor run
INFO: Vendor 1 added ticket: 18
Dec 07, 2024 10:44:56 AM Ticket <init>
INFO: Ticket created: Ticket{id=19, vendorId=2}
Dec 07, 2024 10:44:56 AM TicketPool addTicket
INFO: Vendor 2 added ticket ID 19
Dec 07, 2024 10:44:56 AM Vendor run
INFO: Vendor 2 added ticket: 19
Dec 07, 2024 10:44:56 AM Ticket <init>
INFO: Ticket created: Ticket{id=20, vendorId=2}
Dec 07, 2024 10:44:56 AM TicketPool addTicket
INFO: Vendor 2 added ticket ID 20
Dec 07, 2024 10:44:56 AM Vendor run
INFO: Vendor 2 added ticket: 20
Dec 07, 2024 10:44:57 AM TicketPool retrieveTicket
INFO: Customer retrieved ticket ID 6
Dec 07, 2024 10:44:57 AM Customer run
INFO: Customer 2 successfully purchased ticket ID 6
Dec 07, 2024 10:44:57 AM TicketPool retrieveTicket
INFO: Customer retrieved ticket ID 8
Dec 07, 2024 10:44:57 AM TicketPool retrieveTicket
INFO: Customer retrieved ticket ID 9
Dec 07, 2024 10:44:57 AM Customer run
INFO: Customer 2 successfully purchased ticket ID 8
Dec 07, 2024 10:44:57 AM Customer run
INFO: Customer 1 successfully purchased ticket ID 9
Dec 07, 2024 10:44:57 AM TicketPool retrieveTicket
INFO: Customer retrieved ticket ID 10
Dec 07, 2024 10:44:57 AM Customer run
INFO: Customer 3 successfully purchased ticket ID 10
Dec 07, 2024 10:44:57 AM TicketPool retrieveTicket
INFO: Customer retrieved ticket ID 11
Dec 07, 2024 10:44:57 AM Customer run
INFO: Customer 1 successfully purchased ticket ID 11
Dec 07, 2024 10:44:57 AM TicketPool retrieveTicket
INFO: Customer retrieved ticket ID 12
Dec 07, 2024 10:44:57 AM Customer run
INFO: Customer 3 successfully purchased ticket ID 12
Dec 07, 2024 10:44:57 AM Ticket <init>
INFO: Ticket created: Ticket{id=21, vendorId=2}
Dec 07, 2024 10:44:57 AM TicketPool addTicket
INFO: Vendor 2 added ticket ID 21
Dec 07, 2024 10:44:57 AM Vendor run
INFO: Vendor 2 added ticket: 21
Dec 07, 2024 10:44:57 AM Ticket <init>
INFO: Ticket created: Ticket{id=23, vendorId=2}
Dec 07, 2024 10:44:57 AM Ticket <init>
INFO: Ticket created: Ticket{id=22, vendorId=1}
Dec 07, 2024 10:44:57 AM TicketPool addTicket
INFO: Vendor 2 added ticket ID 23
Dec 07, 2024 10:44:57 AM Vendor run
INFO: Vendor 2 added ticket: 23
Dec 07, 2024 10:44:57 AM Ticket <init>
INFO: Ticket created: Ticket{id=24, vendorId=2}
Dec 07, 2024 10:44:57 AM TicketPool addTicket
INFO: Vendor 1 added ticket ID 22
Dec 07, 2024 10:44:57 AM Vendor run
INFO: Vendor 1 added ticket: 22
Dec 07, 2024 10:44:57 AM TicketPool addTicket
INFO: Vendor 2 added ticket ID 24
Dec 07, 2024 10:44:57 AM Ticket <init>
INFO: Ticket created: Ticket{id=25, vendorId=1}
Dec 07, 2024 10:44:57 AM Vendor run
INFO: Vendor 2 added ticket: 24
Dec 07, 2024 10:44:57 AM Ticket <init>
INFO: Ticket created: Ticket{id=26, vendorId=2}
Dec 07, 2024 10:44:57 AM TicketPool addTicket
INFO: Vendor 1 added ticket ID 25
Dec 07, 2024 10:44:57 AM TicketPool addTicket
INFO: Vendor 2 added ticket ID 26
Dec 07, 2024 10:44:57 AM Vendor run
INFO: Vendor 1 added ticket: 25
Dec 07, 2024 10:44:57 AM Vendor run
INFO: Vendor 2 added ticket: 26
Dec 07, 2024 10:44:57 AM Ticket <init>
INFO: Ticket created: Ticket{id=28, vendorId=2}
Dec 07, 2024 10:44:57 AM Ticket <init>
INFO: Ticket created: Ticket{id=27, vendorId=1}
Dec 07, 2024 10:44:57 AM TicketPool addTicket
INFO: Vendor 2 added ticket ID 28
Dec 07, 2024 10:44:57 AM TicketPool addTicket
INFO: Vendor 1 added ticket ID 27
Dec 07, 2024 10:44:57 AM Vendor run
INFO: Vendor 2 added ticket: 28
Dec 07, 2024 10:44:57 AM Vendor run
INFO: Vendor 1 added ticket: 27
Dec 07, 2024 10:44:57 AM Ticket <init>
INFO: Ticket created: Ticket{id=29, vendorId=1}
Dec 07, 2024 10:44:57 AM TicketPool addTicket
INFO: Vendor 1 added ticket ID 29
Dec 07, 2024 10:44:57 AM Vendor run
INFO: Vendor 1 added ticket: 29
Dec 07, 2024 10:44:57 AM Ticket <init>
INFO: Ticket created: Ticket{id=30, vendorId=1}
Dec 07, 2024 10:44:57 AM TicketPool addTicket
INFO: Vendor 1 added ticket ID 30
Dec 07, 2024 10:44:57 AM Vendor run
INFO: Vendor 1 added ticket: 30
Dec 07, 2024 10:44:58 AM Ticket <init>
INFO: Ticket created: Ticket{id=31, vendorId=2}
Dec 07, 2024 10:44:58 AM TicketPool addTicket
INFO: Vendor 2 added ticket ID 31
Dec 07, 2024 10:44:58 AM Vendor run
INFO: Vendor 2 added ticket: 31
Dec 07, 2024 10:44:58 AM Ticket <init>
INFO: Ticket created: Ticket{id=32, vendorId=2}
Dec 07, 2024 10:44:58 AM TicketPool addTicket
INFO: Vendor 2 added ticket ID 32
Dec 07, 2024 10:44:58 AM Vendor run
INFO: Vendor 2 added ticket: 32
Dec 07, 2024 10:44:58 AM Ticket <init>
INFO: Ticket created: Ticket{id=33, vendorId=2}
Dec 07, 2024 10:44:58 AM TicketPool addTicket
INFO: Vendor 2 is waiting to add tickets...
Dec 07, 2024 10:44:58 AM Ticket <init>
INFO: Ticket created: Ticket{id=34, vendorId=1}
Dec 07, 2024 10:44:58 AM TicketPool addTicket
INFO: Vendor 1 is waiting to add tickets...
Dec 07, 2024 10:44:59 AM TicketingSystem controlSystem
INFO: Exiting the Ticketing System CLI
Dec 07, 2024 10:44:59 AM TicketPool addTicket
SEVERE: Vendor was interrupted while waiting to add tickets.
Dec 07, 2024 10:44:59 AM Customer run
WARNING: Customer 3 was interrupted.
Dec 07, 2024 10:44:59 AM Customer run
WARNING: Customer 1 was interrupted.
Dec 07, 2024 10:44:59 AM Customer run
WARNING: Customer 2 was interrupted.
Dec 07, 2024 10:44:59 AM TicketPool addTicket
SEVERE: Vendor was interrupted while waiting to add tickets.
Dec 07, 2024 10:44:59 AM Vendor run
INFO: Vendor 2 added ticket: 33
Dec 07, 2024 10:44:59 AM Ticket <init>
INFO: Ticket created: Ticket{id=35, vendorId=2}
Dec 07, 2024 10:44:59 AM Vendor run
INFO: Vendor 1 added ticket: 34
Dec 07, 2024 10:44:59 AM Customer run
INFO: Customer 3 has finished all attempts.
Dec 07, 2024 10:44:59 AM Customer run
INFO: Customer 1 has finished all attempts.
Dec 07, 2024 10:44:59 AM Customer run
INFO: Customer 2 has finished all attempts.
Dec 07, 2024 10:44:59 AM TicketPool addTicket
INFO: Vendor 2 is waiting to add tickets...
Dec 07, 2024 10:44:59 AM Ticket <init>
INFO: Ticket created: Ticket{id=36, vendorId=1}
Dec 07, 2024 10:44:59 AM TicketPool addTicket
SEVERE: Vendor was interrupted while waiting to add tickets.
Dec 07, 2024 10:44:59 AM Vendor run
INFO: Vendor 2 added ticket: 35
Dec 07, 2024 10:44:59 AM TicketPool addTicket
INFO: Vendor 1 is waiting to add tickets...
Dec 07, 2024 10:44:59 AM Ticket <init>
INFO: Ticket created: Ticket{id=37, vendorId=2}
Dec 07, 2024 10:44:59 AM TicketPool addTicket
SEVERE: Vendor was interrupted while waiting to add tickets.
Dec 07, 2024 10:44:59 AM Vendor run
INFO: Vendor 1 added ticket: 36
Dec 07, 2024 10:44:59 AM Ticket <init>
INFO: Ticket created: Ticket{id=38, vendorId=1}
Dec 07, 2024 10:44:59 AM TicketPool addTicket
INFO: Vendor 1 is waiting to add tickets...
Dec 07, 2024 10:44:59 AM TicketPool addTicket
SEVERE: Vendor was interrupted while waiting to add tickets.
Dec 07, 2024 10:44:59 AM Vendor run
INFO: Vendor 1 added ticket: 38
Dec 07, 2024 10:44:59 AM TicketPool addTicket
INFO: Vendor 2 is waiting to add tickets...
Dec 07, 2024 10:44:59 AM Ticket <init>
INFO: Ticket created: Ticket{id=39, vendorId=1}
Dec 07, 2024 10:44:59 AM TicketPool addTicket
SEVERE: Vendor was interrupted while waiting to add tickets.
Dec 07, 2024 10:44:59 AM Vendor run
INFO: Vendor 2 added ticket: 37
Dec 07, 2024 10:44:59 AM Vendor run
WARNING: Vendor 2 was unable to release tickets due to high demand. Please wait for the next ticket release cycle.
Dec 07, 2024 10:44:59 AM TicketPool addTicket
INFO: Vendor 1 is waiting to add tickets...
Dec 07, 2024 10:44:59 AM TicketPool addTicket
SEVERE: Vendor was interrupted while waiting to add tickets.
Dec 07, 2024 10:44:59 AM Vendor run
INFO: Vendor 1 added ticket: 39
Dec 07, 2024 10:44:59 AM Ticket <init>
INFO: Ticket created: Ticket{id=40, vendorId=1}
Dec 07, 2024 10:44:59 AM TicketPool addTicket
INFO: Vendor 1 is waiting to add tickets...
Dec 07, 2024 10:44:59 AM TicketPool addTicket
SEVERE: Vendor was interrupted while waiting to add tickets.
Dec 07, 2024 10:44:59 AM Vendor run
INFO: Vendor 1 added ticket: 40
Dec 07, 2024 10:44:59 AM Vendor run
WARNING: Vendor 1 was unable to release tickets due to high demand. Please wait for the next ticket release cycle.
Dec 07, 2024 10:44:59 AM TicketPool getCurrentSize
INFO: Current ticket pool size: 20
Dec 07, 2024 10:44:59 AM TicketPool updateTicketStatusOnCommand
INFO: TicketStatus table updated successfully with system status: EXIT
