Nov 24, 2024 9:19:17 PM TicketingSystem main
INFO: Starting the Ticketing System CLI
Nov 24, 2024 9:19:17 PM SystemConfiguration initializeConfiguration
INFO: Initializing system configuration...
Nov 24, 2024 9:19:29 PM SystemConfiguration initializeConfiguration
INFO: System configuration initialized successfully.
Nov 24, 2024 9:19:29 PM SystemConfiguration initializeConfiguration
INFO: Configuration saved to the database.
Nov 24, 2024 9:19:29 PM SystemConfiguration initializeConfiguration
INFO: System configuration saved to file successfully.
Nov 24, 2024 9:19:29 PM TicketPool <init>
INFO: Ticket pool initialized with maxCapacity: 1
Nov 24, 2024 9:19:48 PM TicketPool retrieveTicket
INFO: Customer is waiting for tickets...
Nov 24, 2024 9:19:48 PM TicketPool getCurrentSize
INFO: Current ticket pool size: 0
Nov 24, 2024 9:19:48 PM TicketingSystem monitorTicketingOperations
INFO: Monitoring Ticket Pool: Current Size = 0
Nov 24, 2024 9:19:48 PM TicketingSystem monitorTicketingOperations
WARNING: Warning: Ticket pool is empty!
Nov 24, 2024 9:19:48 PM Ticket <init>
INFO: Ticket created: Ticket{id=1, vendorId=1}
Nov 24, 2024 9:19:48 PM TicketPool addTicket
INFO: Vendor 1 added ticket ID 1
Nov 24, 2024 9:19:48 PM Vendor run
INFO: Vendor 1 added ticket: 1
Nov 24, 2024 9:19:48 PM TicketPool retrieveTicket
INFO: Customer retrieved ticket ID 1
Nov 24, 2024 9:19:48 PM Ticket <init>
INFO: Ticket created: Ticket{id=2, vendorId=1}
Nov 24, 2024 9:19:48 PM Customer run
INFO: Customer 1 successfully purchased ticket ID 1
Nov 24, 2024 9:19:48 PM TicketPool addTicket
INFO: Vendor 1 added ticket ID 2
Nov 24, 2024 9:19:48 PM Vendor run
INFO: Vendor 1 added ticket: 2
Nov 24, 2024 9:19:48 PM TicketPool retrieveTicket
INFO: Customer retrieved ticket ID 2
Nov 24, 2024 9:19:48 PM Customer run
INFO: Customer 1 successfully purchased ticket ID 2
Nov 24, 2024 9:19:49 PM Ticket <init>
INFO: Ticket created: Ticket{id=3, vendorId=1}
Nov 24, 2024 9:19:49 PM TicketPool addTicket
INFO: Vendor 1 added ticket ID 3
Nov 24, 2024 9:19:49 PM Vendor run
INFO: Vendor 1 added ticket: 3
Nov 24, 2024 9:19:49 PM Ticket <init>
INFO: Ticket created: Ticket{id=4, vendorId=1}
Nov 24, 2024 9:19:49 PM TicketPool addTicket
INFO: Vendor 1 is waiting to add tickets...
Nov 24, 2024 9:19:50 PM TicketPool retrieveTicket
INFO: Customer retrieved ticket ID 3
Nov 24, 2024 9:19:50 PM Customer run
INFO: Customer 1 successfully purchased ticket ID 3
Nov 24, 2024 9:19:50 PM TicketPool addTicket
INFO: Vendor 1 added ticket ID 4
Nov 24, 2024 9:19:50 PM Vendor run
INFO: Vendor 1 added ticket: 4
Nov 24, 2024 9:19:50 PM TicketPool retrieveTicket
INFO: Customer retrieved ticket ID 4
Nov 24, 2024 9:19:50 PM Customer run
INFO: Customer 1 successfully purchased ticket ID 4
Nov 24, 2024 9:19:51 PM Ticket <init>
INFO: Ticket created: Ticket{id=5, vendorId=1}
Nov 24, 2024 9:19:51 PM TicketPool addTicket
INFO: Vendor 1 added ticket ID 5
Nov 24, 2024 9:19:51 PM Vendor run
INFO: Vendor 1 added ticket: 5
Nov 24, 2024 9:19:51 PM Ticket <init>
INFO: Ticket created: Ticket{id=6, vendorId=1}
Nov 24, 2024 9:19:51 PM TicketPool addTicket
INFO: Vendor 1 is waiting to add tickets...
Nov 24, 2024 9:19:52 PM TicketPool retrieveTicket
INFO: Customer retrieved ticket ID 5
Nov 24, 2024 9:19:52 PM Customer run
INFO: Customer 1 successfully purchased ticket ID 5
Nov 24, 2024 9:19:52 PM TicketPool addTicket
INFO: Vendor 1 added ticket ID 6
Nov 24, 2024 9:19:52 PM Vendor run
INFO: Vendor 1 added ticket: 6
Nov 24, 2024 9:19:52 PM TicketPool retrieveTicket
INFO: Customer retrieved ticket ID 6
Nov 24, 2024 9:19:52 PM Customer run
INFO: Customer 1 successfully purchased ticket ID 6
Nov 24, 2024 9:19:53 PM TicketPool getCurrentSize
INFO: Current ticket pool size: 0
Nov 24, 2024 9:19:53 PM TicketingSystem monitorTicketingOperations
INFO: Monitoring Ticket Pool: Current Size = 0
Nov 24, 2024 9:19:53 PM TicketingSystem monitorTicketingOperations
WARNING: Warning: Ticket pool is empty!
Nov 24, 2024 9:19:53 PM Ticket <init>
INFO: Ticket created: Ticket{id=7, vendorId=1}
Nov 24, 2024 9:19:53 PM TicketPool addTicket
INFO: Vendor 1 added ticket ID 7
Nov 24, 2024 9:19:53 PM Vendor run
INFO: Vendor 1 added ticket: 7
Nov 24, 2024 9:19:53 PM Ticket <init>
INFO: Ticket created: Ticket{id=8, vendorId=1}
Nov 24, 2024 9:19:53 PM TicketPool addTicket
INFO: Vendor 1 is waiting to add tickets...
Nov 24, 2024 9:19:54 PM TicketPool retrieveTicket
INFO: Customer retrieved ticket ID 7
Nov 24, 2024 9:19:54 PM Customer run
INFO: Customer 1 successfully purchased ticket ID 7
Nov 24, 2024 9:19:54 PM TicketPool addTicket
INFO: Vendor 1 added ticket ID 8
Nov 24, 2024 9:19:54 PM Vendor run
INFO: Vendor 1 added ticket: 8
Nov 24, 2024 9:19:54 PM TicketPool retrieveTicket
INFO: Customer retrieved ticket ID 8
Nov 24, 2024 9:19:54 PM Customer run
INFO: Customer 1 successfully purchased ticket ID 8
Nov 24, 2024 9:19:55 PM Vendor run
WARNING: Vendor 1 was unable to release tickets due to high demand. Please wait for the next ticket release cycle.
Nov 24, 2024 9:19:55 PM Customer run
WARNING: Customer 1 was interrupted.
Nov 24, 2024 9:19:55 PM Customer run
INFO: Customer 1 has finished all attempts.
Nov 24, 2024 9:19:55 PM TicketPool updateTicketStatusOnCommand
SEVERE: Failed to update TicketStatus table with system status: No suitable driver found for jdbc:mysql://localhost:3306/ticketingsystemcli
Nov 24, 2024 9:19:58 PM TicketPool getCurrentSize
INFO: Current ticket pool size: 0
Nov 24, 2024 9:19:58 PM TicketingSystem monitorTicketingOperations
INFO: Monitoring Ticket Pool: Current Size = 0
Nov 24, 2024 9:19:58 PM TicketingSystem monitorTicketingOperations
WARNING: Warning: Ticket pool is empty!
Nov 24, 2024 9:20:03 PM TicketPool getCurrentSize
INFO: Current ticket pool size: 0
Nov 24, 2024 9:20:03 PM TicketingSystem monitorTicketingOperations
INFO: Monitoring Ticket Pool: Current Size = 0
Nov 24, 2024 9:20:03 PM TicketingSystem monitorTicketingOperations
WARNING: Warning: Ticket pool is empty!
Nov 24, 2024 9:20:08 PM TicketPool getCurrentSize
INFO: Current ticket pool size: 0
Nov 24, 2024 9:20:08 PM TicketingSystem monitorTicketingOperations
INFO: Monitoring Ticket Pool: Current Size = 0
Nov 24, 2024 9:20:08 PM TicketingSystem monitorTicketingOperations
WARNING: Warning: Ticket pool is empty!
Nov 24, 2024 9:20:13 PM TicketPool getCurrentSize
INFO: Current ticket pool size: 0
Nov 24, 2024 9:20:13 PM TicketingSystem monitorTicketingOperations
INFO: Monitoring Ticket Pool: Current Size = 0
Nov 24, 2024 9:20:13 PM TicketingSystem monitorTicketingOperations
WARNING: Warning: Ticket pool is empty!
Nov 24, 2024 9:20:18 PM TicketPool getCurrentSize
INFO: Current ticket pool size: 0
Nov 24, 2024 9:20:18 PM TicketingSystem monitorTicketingOperations
INFO: Monitoring Ticket Pool: Current Size = 0
Nov 24, 2024 9:20:18 PM TicketingSystem monitorTicketingOperations
WARNING: Warning: Ticket pool is empty!
Nov 24, 2024 9:20:23 PM TicketPool getCurrentSize
INFO: Current ticket pool size: 0
Nov 24, 2024 9:20:23 PM TicketingSystem monitorTicketingOperations
INFO: Monitoring Ticket Pool: Current Size = 0
Nov 24, 2024 9:20:23 PM TicketingSystem monitorTicketingOperations
WARNING: Warning: Ticket pool is empty!
Nov 24, 2024 9:20:28 PM TicketPool getCurrentSize
INFO: Current ticket pool size: 0
Nov 24, 2024 9:20:28 PM TicketingSystem monitorTicketingOperations
INFO: Monitoring Ticket Pool: Current Size = 0
Nov 24, 2024 9:20:28 PM TicketingSystem monitorTicketingOperations
WARNING: Warning: Ticket pool is empty!
Nov 24, 2024 9:20:33 PM TicketPool getCurrentSize
INFO: Current ticket pool size: 0
Nov 24, 2024 9:20:33 PM TicketingSystem monitorTicketingOperations
INFO: Monitoring Ticket Pool: Current Size = 0
Nov 24, 2024 9:20:33 PM TicketingSystem monitorTicketingOperations
WARNING: Warning: Ticket pool is empty!
Nov 24, 2024 9:20:38 PM TicketPool getCurrentSize
INFO: Current ticket pool size: 0
Nov 24, 2024 9:20:38 PM TicketingSystem monitorTicketingOperations
INFO: Monitoring Ticket Pool: Current Size = 0
Nov 24, 2024 9:20:38 PM TicketingSystem monitorTicketingOperations
WARNING: Warning: Ticket pool is empty!
Nov 24, 2024 9:20:43 PM TicketPool getCurrentSize
INFO: Current ticket pool size: 0
Nov 24, 2024 9:20:43 PM TicketingSystem monitorTicketingOperations
INFO: Monitoring Ticket Pool: Current Size = 0
Nov 24, 2024 9:20:43 PM TicketingSystem monitorTicketingOperations
WARNING: Warning: Ticket pool is empty!
Nov 24, 2024 9:20:48 PM TicketPool getCurrentSize
INFO: Current ticket pool size: 0
Nov 24, 2024 9:20:48 PM TicketingSystem monitorTicketingOperations
INFO: Monitoring Ticket Pool: Current Size = 0
Nov 24, 2024 9:20:48 PM TicketingSystem monitorTicketingOperations
WARNING: Warning: Ticket pool is empty!
Nov 24, 2024 9:20:53 PM TicketPool getCurrentSize
INFO: Current ticket pool size: 0
Nov 24, 2024 9:20:53 PM TicketingSystem monitorTicketingOperations
INFO: Monitoring Ticket Pool: Current Size = 0
Nov 24, 2024 9:20:53 PM TicketingSystem monitorTicketingOperations
WARNING: Warning: Ticket pool is empty!
Nov 24, 2024 9:20:58 PM TicketPool getCurrentSize
INFO: Current ticket pool size: 0
Nov 24, 2024 9:20:58 PM TicketingSystem monitorTicketingOperations
INFO: Monitoring Ticket Pool: Current Size = 0
Nov 24, 2024 9:20:58 PM TicketingSystem monitorTicketingOperations
WARNING: Warning: Ticket pool is empty!
