Dec 07, 2024 8:41:21 AM TicketingSystem main
INFO: Starting the Ticketing System CLI
Dec 07, 2024 8:41:25 AM SystemConfiguration initializeConfiguration
INFO: Initializing system configuration...
Dec 07, 2024 8:42:28 AM SystemConfiguration initializeConfiguration
INFO: System configuration initialized successfully.
Dec 07, 2024 8:42:28 AM SystemConfiguration initializeConfiguration
INFO: Configuration saved to the database.
Dec 07, 2024 8:42:28 AM SystemConfiguration saveToFile
INFO: Configuration saved to file: system_configuration.json
Dec 07, 2024 8:42:28 AM SystemConfiguration initializeConfiguration
INFO: System configuration serialized to file successfully.
Dec 07, 2024 8:42:28 AM FileConfiguration saveConfigurationToFile
INFO: Configuration saved to file: configurations/System_Configuration_2024-12-07_08-42-28.txt
Dec 07, 2024 8:42:28 AM SystemConfiguration initializeConfiguration
INFO: System configuration saved to file successfully.
Dec 07, 2024 8:42:28 AM TicketPool <init>
INFO: Ticket pool initialized with maxCapacity: 10
Dec 07, 2024 8:42:33 AM TicketPool retrieveTicket
INFO: Customer is waiting for tickets...
Dec 07, 2024 8:42:33 AM TicketPool getCurrentSize
INFO: Current ticket pool size: 0
Dec 07, 2024 8:42:33 AM TicketPool retrieveTicket
INFO: Customer is waiting for tickets...
Dec 07, 2024 8:42:33 AM TicketPool retrieveTicket
INFO: Customer is waiting for tickets...
Dec 07, 2024 8:42:33 AM TicketingSystem monitorTicketingOperations
INFO: Monitoring Ticket Pool: Current Size = 0
Dec 07, 2024 8:42:33 AM TicketingSystem monitorTicketingOperations
WARNING: Warning: Ticket pool is empty!
Dec 07, 2024 8:42:33 AM Ticket <init>
INFO: Ticket created: Ticket{id=1, vendorId=1}
Dec 07, 2024 8:42:33 AM TicketPool addTicket
INFO: Vendor 1 added ticket ID 1
Dec 07, 2024 8:42:33 AM Vendor run
INFO: Vendor 1 added ticket: 1
Dec 07, 2024 8:42:33 AM TicketPool retrieveTicket
INFO: Customer retrieved ticket ID 1
Dec 07, 2024 8:42:33 AM Ticket <init>
INFO: Ticket created: Ticket{id=2, vendorId=1}
Dec 07, 2024 8:42:33 AM TicketPool retrieveTicket
INFO: Customer is waiting for tickets...
Dec 07, 2024 8:42:33 AM Customer run
INFO: Customer 1 successfully purchased ticket ID 1
Dec 07, 2024 8:42:33 AM TicketPool retrieveTicket
INFO: Customer is waiting for tickets...
Dec 07, 2024 8:42:33 AM TicketPool retrieveTicket
INFO: Customer is waiting for tickets...
Dec 07, 2024 8:42:33 AM TicketPool addTicket
INFO: Vendor 1 added ticket ID 2
Dec 07, 2024 8:42:33 AM Vendor run
INFO: Vendor 1 added ticket: 2
Dec 07, 2024 8:42:33 AM TicketPool retrieveTicket
INFO: Customer retrieved ticket ID 2
Dec 07, 2024 8:42:33 AM Customer run
INFO: Customer 2 successfully purchased ticket ID 2
Dec 07, 2024 8:42:33 AM TicketPool retrieveTicket
INFO: Customer is waiting for tickets...
Dec 07, 2024 8:42:33 AM TicketPool retrieveTicket
INFO: Customer is waiting for tickets...
Dec 07, 2024 8:42:33 AM TicketPool retrieveTicket
INFO: Customer is waiting for tickets...
Dec 07, 2024 8:42:34 AM Ticket <init>
INFO: Ticket created: Ticket{id=3, vendorId=1}
Dec 07, 2024 8:42:34 AM TicketPool addTicket
INFO: Vendor 1 added ticket ID 3
Dec 07, 2024 8:42:34 AM Vendor run
INFO: Vendor 1 added ticket: 3
Dec 07, 2024 8:42:34 AM Ticket <init>
INFO: Ticket created: Ticket{id=4, vendorId=1}
Dec 07, 2024 8:42:34 AM TicketPool retrieveTicket
INFO: Customer retrieved ticket ID 3
Dec 07, 2024 8:42:34 AM TicketPool addTicket
INFO: Vendor 1 added ticket ID 4
Dec 07, 2024 8:42:34 AM Vendor run
INFO: Vendor 1 added ticket: 4
Dec 07, 2024 8:42:34 AM Customer run
INFO: Customer 1 successfully purchased ticket ID 3
Dec 07, 2024 8:42:34 AM TicketPool retrieveTicket
INFO: Customer retrieved ticket ID 4
Dec 07, 2024 8:42:34 AM Customer run
INFO: Customer 2 successfully purchased ticket ID 4
Dec 07, 2024 8:42:34 AM TicketPool retrieveTicket
INFO: Customer is waiting for tickets...
Dec 07, 2024 8:42:35 AM Ticket <init>
INFO: Ticket created: Ticket{id=5, vendorId=1}
Dec 07, 2024 8:42:35 AM TicketPool addTicket
INFO: Vendor 1 added ticket ID 5
Dec 07, 2024 8:42:35 AM Vendor run
INFO: Vendor 1 added ticket: 5
Dec 07, 2024 8:42:35 AM Ticket <init>
INFO: Ticket created: Ticket{id=6, vendorId=1}
Dec 07, 2024 8:42:35 AM TicketPool retrieveTicket
INFO: Customer retrieved ticket ID 5
Dec 07, 2024 8:42:35 AM TicketPool addTicket
INFO: Vendor 1 added ticket ID 6
Dec 07, 2024 8:42:35 AM Vendor run
INFO: Vendor 1 added ticket: 6
Dec 07, 2024 8:42:35 AM Customer run
INFO: Customer 3 successfully purchased ticket ID 5
Dec 07, 2024 8:42:35 AM TicketPool retrieveTicket
INFO: Customer retrieved ticket ID 6
Dec 07, 2024 8:42:35 AM Customer run
INFO: Customer 3 successfully purchased ticket ID 6
Dec 07, 2024 8:42:36 AM TicketPool retrieveTicket
INFO: Customer is waiting for tickets...
Dec 07, 2024 8:42:36 AM TicketPool retrieveTicket
INFO: Customer is waiting for tickets...
Dec 07, 2024 8:42:36 AM Ticket <init>
INFO: Ticket created: Ticket{id=7, vendorId=1}
Dec 07, 2024 8:42:36 AM TicketPool addTicket
INFO: Vendor 1 added ticket ID 7
Dec 07, 2024 8:42:36 AM Vendor run
INFO: Vendor 1 added ticket: 7
Dec 07, 2024 8:42:36 AM Ticket <init>
INFO: Ticket created: Ticket{id=8, vendorId=1}
Dec 07, 2024 8:42:36 AM TicketPool retrieveTicket
INFO: Customer retrieved ticket ID 7
Dec 07, 2024 8:42:36 AM TicketPool addTicket
INFO: Vendor 1 added ticket ID 8
Dec 07, 2024 8:42:36 AM Vendor run
INFO: Vendor 1 added ticket: 8
Dec 07, 2024 8:42:36 AM Customer run
INFO: Customer 1 successfully purchased ticket ID 7
Dec 07, 2024 8:42:36 AM TicketPool retrieveTicket
INFO: Customer retrieved ticket ID 8
Dec 07, 2024 8:42:36 AM Customer run
INFO: Customer 2 successfully purchased ticket ID 8
Dec 07, 2024 8:42:36 AM TicketPool retrieveTicket
INFO: Customer is waiting for tickets...
Dec 07, 2024 8:42:36 AM TicketPool retrieveTicket
INFO: Customer is waiting for tickets...
Dec 07, 2024 8:42:37 AM TicketPool retrieveTicket
INFO: Customer is waiting for tickets...
Dec 07, 2024 8:42:37 AM Ticket <init>
INFO: Ticket created: Ticket{id=9, vendorId=1}
Dec 07, 2024 8:42:37 AM TicketPool addTicket
INFO: Vendor 1 added ticket ID 9
Dec 07, 2024 8:42:37 AM Vendor run
INFO: Vendor 1 added ticket: 9
Dec 07, 2024 8:42:37 AM TicketPool retrieveTicket
INFO: Customer retrieved ticket ID 9
Dec 07, 2024 8:42:37 AM Ticket <init>
INFO: Ticket created: Ticket{id=10, vendorId=1}
Dec 07, 2024 8:42:37 AM Customer run
INFO: Customer 1 successfully purchased ticket ID 9
Dec 07, 2024 8:42:37 AM TicketPool retrieveTicket
INFO: Customer is waiting for tickets...
Dec 07, 2024 8:42:37 AM TicketPool retrieveTicket
INFO: Customer is waiting for tickets...
Dec 07, 2024 8:42:37 AM TicketPool addTicket
INFO: Vendor 1 added ticket ID 10
Dec 07, 2024 8:42:37 AM Vendor run
INFO: Vendor 1 added ticket: 10
Dec 07, 2024 8:42:37 AM TicketPool retrieveTicket
INFO: Customer retrieved ticket ID 10
Dec 07, 2024 8:42:37 AM Customer run
INFO: Customer 3 successfully purchased ticket ID 10
Dec 07, 2024 8:42:37 AM TicketPool retrieveTicket
INFO: Customer is waiting for tickets...
Dec 07, 2024 8:42:37 AM TicketPool retrieveTicket
INFO: Customer is waiting for tickets...
Dec 07, 2024 8:42:38 AM TicketPool getCurrentSize
INFO: Current ticket pool size: 0
Dec 07, 2024 8:42:38 AM TicketingSystem monitorTicketingOperations
INFO: Monitoring Ticket Pool: Current Size = 0
Dec 07, 2024 8:42:38 AM TicketingSystem monitorTicketingOperations
WARNING: Warning: Ticket pool is empty!
Dec 07, 2024 8:42:38 AM Ticket <init>
INFO: Ticket created: Ticket{id=11, vendorId=1}
Dec 07, 2024 8:42:38 AM TicketPool addTicket
INFO: Vendor 1 added ticket ID 11
Dec 07, 2024 8:42:38 AM Vendor run
INFO: Vendor 1 added ticket: 11
Dec 07, 2024 8:42:38 AM Ticket <init>
INFO: Ticket created: Ticket{id=12, vendorId=1}
Dec 07, 2024 8:42:38 AM TicketPool retrieveTicket
INFO: Customer retrieved ticket ID 11
Dec 07, 2024 8:42:38 AM TicketPool addTicket
INFO: Vendor 1 added ticket ID 12
Dec 07, 2024 8:42:38 AM Vendor run
INFO: Vendor 1 added ticket: 12
Dec 07, 2024 8:42:38 AM Customer run
INFO: Customer 2 successfully purchased ticket ID 11
Dec 07, 2024 8:42:38 AM TicketPool retrieveTicket
INFO: Customer retrieved ticket ID 12
Dec 07, 2024 8:42:38 AM Customer run
INFO: Customer 3 successfully purchased ticket ID 12
Dec 07, 2024 8:42:39 AM Ticket <init>
INFO: Ticket created: Ticket{id=13, vendorId=1}
Dec 07, 2024 8:42:39 AM TicketPool retrieveTicket
INFO: Customer is waiting for tickets...
Dec 07, 2024 8:42:39 AM TicketPool addTicket
INFO: Vendor 1 added ticket ID 13
Dec 07, 2024 8:42:39 AM Vendor run
INFO: Vendor 1 added ticket: 13
Dec 07, 2024 8:42:39 AM TicketPool retrieveTicket
INFO: Customer retrieved ticket ID 13
Dec 07, 2024 8:42:39 AM Ticket <init>
INFO: Ticket created: Ticket{id=14, vendorId=1}
Dec 07, 2024 8:42:39 AM TicketPool addTicket
INFO: Vendor 1 added ticket ID 14
Dec 07, 2024 8:42:39 AM Vendor run
INFO: Vendor 1 added ticket: 14
Dec 07, 2024 8:42:39 AM Customer run
INFO: Customer 1 successfully purchased ticket ID 13
Dec 07, 2024 8:42:39 AM TicketPool retrieveTicket
INFO: Customer retrieved ticket ID 14
Dec 07, 2024 8:42:39 AM Customer run
INFO: Customer 1 successfully purchased ticket ID 14
Dec 07, 2024 8:42:40 AM TicketPool retrieveTicket
INFO: Customer is waiting for tickets...
Dec 07, 2024 8:42:40 AM TicketPool retrieveTicket
INFO: Customer is waiting for tickets...
Dec 07, 2024 8:42:40 AM Ticket <init>
INFO: Ticket created: Ticket{id=15, vendorId=1}
Dec 07, 2024 8:42:40 AM TicketPool addTicket
INFO: Vendor 1 added ticket ID 15
Dec 07, 2024 8:42:40 AM Vendor run
INFO: Vendor 1 added ticket: 15
Dec 07, 2024 8:42:40 AM Ticket <init>
INFO: Ticket created: Ticket{id=16, vendorId=1}
Dec 07, 2024 8:42:40 AM TicketPool retrieveTicket
INFO: Customer retrieved ticket ID 15
Dec 07, 2024 8:42:40 AM TicketPool addTicket
INFO: Vendor 1 added ticket ID 16
Dec 07, 2024 8:42:40 AM Vendor run
INFO: Vendor 1 added ticket: 16
Dec 07, 2024 8:42:40 AM Customer run
INFO: Customer 2 successfully purchased ticket ID 15
Dec 07, 2024 8:42:40 AM TicketPool retrieveTicket
INFO: Customer retrieved ticket ID 16
Dec 07, 2024 8:42:40 AM Customer run
INFO: Customer 3 successfully purchased ticket ID 16
Dec 07, 2024 8:42:40 AM TicketPool retrieveTicket
INFO: Customer is waiting for tickets...
Dec 07, 2024 8:42:40 AM TicketPool retrieveTicket
INFO: Customer is waiting for tickets...
Dec 07, 2024 8:42:41 AM TicketPool retrieveTicket
INFO: Customer is waiting for tickets...
Dec 07, 2024 8:42:41 AM Ticket <init>
INFO: Ticket created: Ticket{id=17, vendorId=1}
Dec 07, 2024 8:42:41 AM TicketPool addTicket
INFO: Vendor 1 added ticket ID 17
Dec 07, 2024 8:42:41 AM Vendor run
INFO: Vendor 1 added ticket: 17
Dec 07, 2024 8:42:41 AM Ticket <init>
INFO: Ticket created: Ticket{id=18, vendorId=1}
Dec 07, 2024 8:42:41 AM TicketPool retrieveTicket
INFO: Customer retrieved ticket ID 17
Dec 07, 2024 8:42:41 AM TicketPool addTicket
INFO: Vendor 1 added ticket ID 18
Dec 07, 2024 8:42:41 AM Vendor run
INFO: Vendor 1 added ticket: 18
Dec 07, 2024 8:42:41 AM Customer run
INFO: Customer 2 successfully purchased ticket ID 17
Dec 07, 2024 8:42:41 AM TicketPool retrieveTicket
INFO: Customer retrieved ticket ID 18
Dec 07, 2024 8:42:41 AM Customer run
INFO: Customer 1 successfully purchased ticket ID 18
Dec 07, 2024 8:42:41 AM TicketPool retrieveTicket
INFO: Customer is waiting for tickets...
Dec 07, 2024 8:42:41 AM TicketPool retrieveTicket
INFO: Customer is waiting for tickets...
Dec 07, 2024 8:42:42 AM Ticket <init>
INFO: Ticket created: Ticket{id=19, vendorId=1}
Dec 07, 2024 8:42:42 AM TicketPool addTicket
INFO: Vendor 1 added ticket ID 19
Dec 07, 2024 8:42:42 AM Vendor run
INFO: Vendor 1 added ticket: 19
Dec 07, 2024 8:42:42 AM Ticket <init>
INFO: Ticket created: Ticket{id=20, vendorId=1}
Dec 07, 2024 8:42:42 AM TicketPool retrieveTicket
INFO: Customer retrieved ticket ID 19
Dec 07, 2024 8:42:42 AM TicketPool addTicket
INFO: Vendor 1 added ticket ID 20
Dec 07, 2024 8:42:42 AM Customer run
INFO: Customer 3 successfully purchased ticket ID 19
Dec 07, 2024 8:42:42 AM Vendor run
INFO: Vendor 1 added ticket: 20
Dec 07, 2024 8:42:42 AM TicketPool retrieveTicket
INFO: Customer retrieved ticket ID 20
Dec 07, 2024 8:42:42 AM Customer run
INFO: Customer 1 successfully purchased ticket ID 20
Dec 07, 2024 8:42:43 AM TicketPool getCurrentSize
INFO: Current ticket pool size: 0
Dec 07, 2024 8:42:43 AM TicketingSystem monitorTicketingOperations
INFO: Monitoring Ticket Pool: Current Size = 0
Dec 07, 2024 8:42:43 AM TicketingSystem monitorTicketingOperations
WARNING: Warning: Ticket pool is empty!
Dec 07, 2024 8:42:43 AM TicketPool retrieveTicket
INFO: Customer is waiting for tickets...
Dec 07, 2024 8:42:43 AM TicketPool retrieveTicket
SEVERE: Customer was interrupted while waiting for tickets.
Dec 07, 2024 8:42:43 AM Customer run
WARNING: Customer 3 was interrupted.
Dec 07, 2024 8:42:43 AM Customer run
WARNING: Customer 1 was interrupted.
Dec 07, 2024 8:42:43 AM Customer run
INFO: Customer 2 found no tickets available.
Dec 07, 2024 8:42:43 AM Customer run
INFO: Customer 3 has finished all attempts.
Dec 07, 2024 8:42:43 AM Customer run
INFO: Customer 1 has finished all attempts.
Dec 07, 2024 8:42:43 AM Customer run
INFO: Customer 2 has finished all attempts.
Dec 07, 2024 8:42:43 AM TicketPool getCurrentSize
INFO: Current ticket pool size: 0
Dec 07, 2024 8:42:43 AM TicketPool updateTicketStatusOnCommand
INFO: TicketStatus table updated successfully with system status: STOP
Dec 07, 2024 8:42:48 AM TicketPool getCurrentSize
INFO: Current ticket pool size: 0
Dec 07, 2024 8:42:48 AM TicketingSystem monitorTicketingOperations
INFO: Monitoring Ticket Pool: Current Size = 0
Dec 07, 2024 8:42:48 AM TicketingSystem monitorTicketingOperations
WARNING: Warning: Ticket pool is empty!
Dec 07, 2024 8:42:53 AM TicketPool getCurrentSize
INFO: Current ticket pool size: 0
Dec 07, 2024 8:42:53 AM TicketingSystem monitorTicketingOperations
INFO: Monitoring Ticket Pool: Current Size = 0
Dec 07, 2024 8:42:53 AM TicketingSystem monitorTicketingOperations
WARNING: Warning: Ticket pool is empty!
Dec 07, 2024 8:42:58 AM TicketPool getCurrentSize
INFO: Current ticket pool size: 0
Dec 07, 2024 8:42:58 AM TicketingSystem monitorTicketingOperations
INFO: Monitoring Ticket Pool: Current Size = 0
Dec 07, 2024 8:42:58 AM TicketingSystem monitorTicketingOperations
WARNING: Warning: Ticket pool is empty!
Dec 07, 2024 8:43:03 AM TicketPool getCurrentSize
INFO: Current ticket pool size: 0
Dec 07, 2024 8:43:03 AM TicketingSystem monitorTicketingOperations
INFO: Monitoring Ticket Pool: Current Size = 0
Dec 07, 2024 8:43:03 AM TicketingSystem monitorTicketingOperations
WARNING: Warning: Ticket pool is empty!
Dec 07, 2024 8:43:08 AM TicketPool getCurrentSize
INFO: Current ticket pool size: 0
Dec 07, 2024 8:43:08 AM TicketingSystem monitorTicketingOperations
INFO: Monitoring Ticket Pool: Current Size = 0
Dec 07, 2024 8:43:08 AM TicketingSystem monitorTicketingOperations
WARNING: Warning: Ticket pool is empty!
Dec 07, 2024 8:43:13 AM TicketPool getCurrentSize
INFO: Current ticket pool size: 0
Dec 07, 2024 8:43:13 AM TicketingSystem monitorTicketingOperations
INFO: Monitoring Ticket Pool: Current Size = 0
Dec 07, 2024 8:43:13 AM TicketingSystem monitorTicketingOperations
WARNING: Warning: Ticket pool is empty!
Dec 07, 2024 8:43:18 AM TicketPool getCurrentSize
INFO: Current ticket pool size: 0
Dec 07, 2024 8:43:18 AM TicketingSystem monitorTicketingOperations
INFO: Monitoring Ticket Pool: Current Size = 0
Dec 07, 2024 8:43:18 AM TicketingSystem monitorTicketingOperations
WARNING: Warning: Ticket pool is empty!
Dec 07, 2024 8:43:23 AM TicketPool getCurrentSize
INFO: Current ticket pool size: 0
Dec 07, 2024 8:43:23 AM TicketingSystem monitorTicketingOperations
INFO: Monitoring Ticket Pool: Current Size = 0
Dec 07, 2024 8:43:23 AM TicketingSystem monitorTicketingOperations
WARNING: Warning: Ticket pool is empty!
Dec 07, 2024 8:43:28 AM TicketPool getCurrentSize
INFO: Current ticket pool size: 0
Dec 07, 2024 8:43:28 AM TicketingSystem monitorTicketingOperations
INFO: Monitoring Ticket Pool: Current Size = 0
Dec 07, 2024 8:43:28 AM TicketingSystem monitorTicketingOperations
WARNING: Warning: Ticket pool is empty!
Dec 07, 2024 8:43:33 AM TicketPool getCurrentSize
INFO: Current ticket pool size: 0
Dec 07, 2024 8:43:33 AM TicketingSystem monitorTicketingOperations
INFO: Monitoring Ticket Pool: Current Size = 0
Dec 07, 2024 8:43:33 AM TicketingSystem monitorTicketingOperations
WARNING: Warning: Ticket pool is empty!
Dec 07, 2024 8:43:38 AM TicketPool getCurrentSize
INFO: Current ticket pool size: 0
Dec 07, 2024 8:43:38 AM TicketingSystem monitorTicketingOperations
INFO: Monitoring Ticket Pool: Current Size = 0
Dec 07, 2024 8:43:38 AM TicketingSystem monitorTicketingOperations
WARNING: Warning: Ticket pool is empty!
Dec 07, 2024 8:43:43 AM TicketPool getCurrentSize
INFO: Current ticket pool size: 0
Dec 07, 2024 8:43:43 AM TicketingSystem monitorTicketingOperations
INFO: Monitoring Ticket Pool: Current Size = 0
Dec 07, 2024 8:43:43 AM TicketingSystem monitorTicketingOperations
WARNING: Warning: Ticket pool is empty!
Dec 07, 2024 8:43:48 AM TicketPool getCurrentSize
INFO: Current ticket pool size: 0
Dec 07, 2024 8:43:48 AM TicketingSystem monitorTicketingOperations
INFO: Monitoring Ticket Pool: Current Size = 0
Dec 07, 2024 8:43:48 AM TicketingSystem monitorTicketingOperations
WARNING: Warning: Ticket pool is empty!
Dec 07, 2024 8:43:53 AM TicketPool getCurrentSize
INFO: Current ticket pool size: 0
Dec 07, 2024 8:43:53 AM TicketingSystem monitorTicketingOperations
INFO: Monitoring Ticket Pool: Current Size = 0
Dec 07, 2024 8:43:53 AM TicketingSystem monitorTicketingOperations
WARNING: Warning: Ticket pool is empty!
Dec 07, 2024 8:43:58 AM TicketPool getCurrentSize
INFO: Current ticket pool size: 0
Dec 07, 2024 8:43:58 AM TicketingSystem monitorTicketingOperations
INFO: Monitoring Ticket Pool: Current Size = 0
Dec 07, 2024 8:43:58 AM TicketingSystem monitorTicketingOperations
WARNING: Warning: Ticket pool is empty!
Dec 07, 2024 8:44:03 AM TicketPool getCurrentSize
INFO: Current ticket pool size: 0
Dec 07, 2024 8:44:03 AM TicketingSystem monitorTicketingOperations
INFO: Monitoring Ticket Pool: Current Size = 0
Dec 07, 2024 8:44:03 AM TicketingSystem monitorTicketingOperations
WARNING: Warning: Ticket pool is empty!
Dec 07, 2024 8:44:08 AM TicketPool getCurrentSize
INFO: Current ticket pool size: 0
Dec 07, 2024 8:44:08 AM TicketingSystem monitorTicketingOperations
INFO: Monitoring Ticket Pool: Current Size = 0
Dec 07, 2024 8:44:08 AM TicketingSystem monitorTicketingOperations
WARNING: Warning: Ticket pool is empty!
Dec 07, 2024 8:44:13 AM TicketPool getCurrentSize
INFO: Current ticket pool size: 0
Dec 07, 2024 8:44:13 AM TicketingSystem monitorTicketingOperations
INFO: Monitoring Ticket Pool: Current Size = 0
Dec 07, 2024 8:44:13 AM TicketingSystem monitorTicketingOperations
WARNING: Warning: Ticket pool is empty!
Dec 07, 2024 8:44:18 AM TicketPool getCurrentSize
INFO: Current ticket pool size: 0
Dec 07, 2024 8:44:18 AM TicketingSystem monitorTicketingOperations
INFO: Monitoring Ticket Pool: Current Size = 0
Dec 07, 2024 8:44:18 AM TicketingSystem monitorTicketingOperations
WARNING: Warning: Ticket pool is empty!
Dec 07, 2024 8:44:23 AM TicketPool getCurrentSize
INFO: Current ticket pool size: 0
Dec 07, 2024 8:44:23 AM TicketingSystem monitorTicketingOperations
INFO: Monitoring Ticket Pool: Current Size = 0
Dec 07, 2024 8:44:23 AM TicketingSystem monitorTicketingOperations
WARNING: Warning: Ticket pool is empty!
Dec 07, 2024 8:44:28 AM TicketPool getCurrentSize
INFO: Current ticket pool size: 0
Dec 07, 2024 8:44:28 AM TicketingSystem monitorTicketingOperations
INFO: Monitoring Ticket Pool: Current Size = 0
Dec 07, 2024 8:44:28 AM TicketingSystem monitorTicketingOperations
WARNING: Warning: Ticket pool is empty!
Dec 07, 2024 8:44:28 AM TicketingSystem controlSystem
INFO: Exiting the Ticketing System CLI
Dec 07, 2024 8:44:28 AM TicketPool getCurrentSize
INFO: Current ticket pool size: 0
Dec 07, 2024 8:44:28 AM TicketPool updateTicketStatusOnCommand
INFO: TicketStatus table updated successfully with system status: EXIT
