Nov 26, 2024 8:23:53 PM TicketingSystem main
INFO: Starting the Ticketing System CLI
Nov 26, 2024 8:24:02 PM SystemConfiguration loadFromFile
WARNING: Configuration file not found: system_configuration.ser
Nov 26, 2024 8:24:02 PM TicketingSystem main
WARNING: No existing configuration found or failed to load. Redirecting to reconfiguration...
Nov 26, 2024 8:24:02 PM SystemConfiguration initializeConfiguration
INFO: Initializing system configuration...
Nov 26, 2024 8:24:22 PM SystemConfiguration getValidInput
WARNING: Invalid Number format. Expected range: 1 - 2147483647
Nov 26, 2024 8:24:23 PM SystemConfiguration initializeConfiguration
INFO: System configuration initialized successfully.
Nov 26, 2024 8:24:23 PM SystemConfiguration initializeConfiguration
INFO: Configuration saved to the database.
Nov 26, 2024 8:24:23 PM SystemConfiguration saveToFile
INFO: Configuration saved to file: system_configuration.json
Nov 26, 2024 8:24:23 PM SystemConfiguration initializeConfiguration
INFO: System configuration serialized to file successfully.
Nov 26, 2024 8:24:23 PM FileConfiguration saveConfigurationToFile
INFO: Configuration saved to file: configurations/System_Configuration_2024-11-26_20-24-23.txt
Nov 26, 2024 8:24:23 PM SystemConfiguration initializeConfiguration
INFO: System configuration saved to file successfully.
Nov 26, 2024 8:24:23 PM TicketPool <init>
INFO: Ticket pool initialized with maxCapacity: 1
Nov 26, 2024 8:24:24 PM Ticket <init>
INFO: Ticket created: Ticket{id=1, vendorId=1}
Nov 26, 2024 8:24:24 PM TicketPool retrieveTicket
INFO: Customer is waiting for tickets...
Nov 26, 2024 8:24:24 PM TicketPool addTicket
INFO: Vendor 1 added ticket ID 1
Nov 26, 2024 8:24:24 PM TicketPool getCurrentSize
INFO: Current ticket pool size: 1
Nov 26, 2024 8:24:24 PM Vendor run
INFO: Vendor 1 added ticket: 1
Nov 26, 2024 8:24:24 PM TicketingSystem monitorTicketingOperations
INFO: Monitoring Ticket Pool: Current Size = 1
Nov 26, 2024 8:24:24 PM TicketPool retrieveTicket
INFO: Customer retrieved ticket ID 1
Nov 26, 2024 8:24:24 PM Customer run
INFO: Customer 1 successfully purchased ticket ID 1
Nov 26, 2024 8:24:24 PM TicketPool retrieveTicket
INFO: Customer is waiting for tickets...
Nov 26, 2024 8:24:25 PM Ticket <init>
INFO: Ticket created: Ticket{id=2, vendorId=1}
Nov 26, 2024 8:24:25 PM TicketPool addTicket
INFO: Vendor 1 added ticket ID 2
Nov 26, 2024 8:24:25 PM Vendor run
INFO: Vendor 1 added ticket: 2
Nov 26, 2024 8:24:25 PM TicketPool retrieveTicket
INFO: Customer retrieved ticket ID 2
Nov 26, 2024 8:24:25 PM Customer run
INFO: Customer 1 successfully purchased ticket ID 2
Nov 26, 2024 8:24:27 PM TicketPool retrieveTicket
INFO: Customer is waiting for tickets...
Nov 26, 2024 8:24:29 PM TicketPool getCurrentSize
INFO: Current ticket pool size: 0
Nov 26, 2024 8:24:29 PM TicketingSystem monitorTicketingOperations
INFO: Monitoring Ticket Pool: Current Size = 0
Nov 26, 2024 8:24:29 PM TicketingSystem monitorTicketingOperations
WARNING: Warning: Ticket pool is empty!
Nov 26, 2024 8:24:31 PM TicketingSystem controlSystem
INFO: Exiting the Ticketing System CLI
Nov 26, 2024 8:24:31 PM TicketPool retrieveTicket
SEVERE: Customer was interrupted while waiting for tickets.
Nov 26, 2024 8:24:31 PM Customer run
INFO: Customer 1 found no tickets available.
Nov 26, 2024 8:24:31 PM Customer run
INFO: Customer 1 has finished all attempts.
Nov 26, 2024 8:24:31 PM TicketPool getCurrentSize
INFO: Current ticket pool size: 0
Nov 26, 2024 8:24:31 PM TicketPool updateTicketStatusOnCommand
INFO: TicketStatus table updated successfully with system status: EXIT
