Nov 26, 2024 7:40:51 PM TicketingSystem main
INFO: Starting the Ticketing System CLI
Nov 26, 2024 7:40:53 PM SystemConfiguration loadFromFile
WARNING: Configuration file not found: system_configuration.ser
Nov 26, 2024 7:40:53 PM TicketingSystem main
WARNING: No existing configuration found or failed to load. Redirecting to reconfiguration...
Nov 26, 2024 7:40:53 PM SystemConfiguration initializeConfiguration
INFO: Initializing system configuration...
Nov 26, 2024 7:41:21 PM SystemConfiguration initializeConfiguration
INFO: System configuration initialized successfully.
Nov 26, 2024 7:41:22 PM SystemConfiguration initializeConfiguration
INFO: Configuration saved to the database.
Nov 26, 2024 7:41:22 PM SystemConfiguration initializeConfiguration
INFO: System configuration serialized to file successfully.
Nov 26, 2024 7:41:22 PM TicketPool <init>
INFO: Ticket pool initialized with maxCapacity: 10
Nov 26, 2024 7:41:24 PM TicketPool retrieveTicket
INFO: Customer is waiting for tickets...
Nov 26, 2024 7:41:24 PM TicketPool getCurrentSize
INFO: Current ticket pool size: 0
Nov 26, 2024 7:41:24 PM TicketingSystem monitorTicketingOperations
INFO: Monitoring Ticket Pool: Current Size = 0
Nov 26, 2024 7:41:24 PM TicketingSystem monitorTicketingOperations
WARNING: Warning: Ticket pool is empty!
Nov 26, 2024 7:41:24 PM Ticket <init>
INFO: Ticket created: Ticket{id=1, vendorId=1}
Nov 26, 2024 7:41:24 PM TicketPool addTicket
INFO: Vendor 1 added ticket ID 1
Nov 26, 2024 7:41:24 PM Vendor run
INFO: Vendor 1 added ticket: 1
Nov 26, 2024 7:41:24 PM Ticket <init>
INFO: Ticket created: Ticket{id=2, vendorId=1}
Nov 26, 2024 7:41:24 PM TicketPool retrieveTicket
INFO: Customer retrieved ticket ID 1
Nov 26, 2024 7:41:24 PM TicketPool addTicket
INFO: Vendor 1 added ticket ID 2
Nov 26, 2024 7:41:24 PM Vendor run
INFO: Vendor 1 added ticket: 2
Nov 26, 2024 7:41:24 PM Customer run
INFO: Customer 1 successfully purchased ticket ID 1
Nov 26, 2024 7:41:24 PM Ticket <init>
INFO: Ticket created: Ticket{id=3, vendorId=1}
Nov 26, 2024 7:41:24 PM TicketPool retrieveTicket
INFO: Customer retrieved ticket ID 2
Nov 26, 2024 7:41:24 PM TicketPool addTicket
INFO: Vendor 1 added ticket ID 3
Nov 26, 2024 7:41:24 PM Vendor run
INFO: Vendor 1 added ticket: 3
Nov 26, 2024 7:41:24 PM Ticket <init>
INFO: Ticket created: Ticket{id=4, vendorId=1}
Nov 26, 2024 7:41:24 PM TicketPool addTicket
INFO: Vendor 1 added ticket ID 4
Nov 26, 2024 7:41:24 PM Vendor run
INFO: Vendor 1 added ticket: 4
Nov 26, 2024 7:41:24 PM Ticket <init>
INFO: Ticket created: Ticket{id=5, vendorId=1}
Nov 26, 2024 7:41:24 PM TicketPool addTicket
INFO: Vendor 1 added ticket ID 5
Nov 26, 2024 7:41:24 PM Vendor run
INFO: Vendor 1 added ticket: 5
Nov 26, 2024 7:41:24 PM Customer run
INFO: Customer 1 successfully purchased ticket ID 2
Nov 26, 2024 7:41:25 PM Ticket <init>
INFO: Ticket created: Ticket{id=6, vendorId=1}
Nov 26, 2024 7:41:25 PM TicketPool addTicket
INFO: Vendor 1 added ticket ID 6
Nov 26, 2024 7:41:25 PM Vendor run
INFO: Vendor 1 added ticket: 6
Nov 26, 2024 7:41:25 PM Ticket <init>
INFO: Ticket created: Ticket{id=7, vendorId=1}
Nov 26, 2024 7:41:25 PM TicketPool addTicket
INFO: Vendor 1 added ticket ID 7
Nov 26, 2024 7:41:25 PM Vendor run
INFO: Vendor 1 added ticket: 7
Nov 26, 2024 7:41:25 PM Ticket <init>
INFO: Ticket created: Ticket{id=8, vendorId=1}
Nov 26, 2024 7:41:25 PM TicketPool addTicket
INFO: Vendor 1 added ticket ID 8
Nov 26, 2024 7:41:25 PM Vendor run
INFO: Vendor 1 added ticket: 8
Nov 26, 2024 7:41:25 PM Ticket <init>
INFO: Ticket created: Ticket{id=9, vendorId=1}
Nov 26, 2024 7:41:25 PM TicketPool addTicket
INFO: Vendor 1 added ticket ID 9
Nov 26, 2024 7:41:25 PM Vendor run
INFO: Vendor 1 added ticket: 9
Nov 26, 2024 7:41:25 PM Ticket <init>
INFO: Ticket created: Ticket{id=10, vendorId=1}
Nov 26, 2024 7:41:25 PM TicketPool addTicket
INFO: Vendor 1 added ticket ID 10
Nov 26, 2024 7:41:25 PM Vendor run
INFO: Vendor 1 added ticket: 10
Nov 26, 2024 7:41:26 PM TicketPool retrieveTicket
INFO: Customer retrieved ticket ID 3
Nov 26, 2024 7:41:26 PM Customer run
INFO: Customer 1 successfully purchased ticket ID 3
Nov 26, 2024 7:41:26 PM TicketPool retrieveTicket
INFO: Customer retrieved ticket ID 4
Nov 26, 2024 7:41:26 PM Customer run
INFO: Customer 1 successfully purchased ticket ID 4
Nov 26, 2024 7:41:28 PM TicketPool retrieveTicket
INFO: Customer retrieved ticket ID 5
Nov 26, 2024 7:41:28 PM Customer run
INFO: Customer 1 successfully purchased ticket ID 5
Nov 26, 2024 7:41:28 PM TicketPool retrieveTicket
INFO: Customer retrieved ticket ID 6
Nov 26, 2024 7:41:28 PM Customer run
INFO: Customer 1 successfully purchased ticket ID 6
Nov 26, 2024 7:41:29 PM TicketPool getCurrentSize
INFO: Current ticket pool size: 4
Nov 26, 2024 7:41:29 PM TicketingSystem monitorTicketingOperations
INFO: Monitoring Ticket Pool: Current Size = 4
Nov 26, 2024 7:41:30 PM TicketPool retrieveTicket
INFO: Customer retrieved ticket ID 7
Nov 26, 2024 7:41:30 PM Customer run
INFO: Customer 1 successfully purchased ticket ID 7
Nov 26, 2024 7:41:30 PM TicketPool retrieveTicket
INFO: Customer retrieved ticket ID 8
Nov 26, 2024 7:41:30 PM Customer run
INFO: Customer 1 successfully purchased ticket ID 8
Nov 26, 2024 7:41:32 PM TicketPool retrieveTicket
INFO: Customer retrieved ticket ID 9
Nov 26, 2024 7:41:32 PM Customer run
INFO: Customer 1 successfully purchased ticket ID 9
Nov 26, 2024 7:41:32 PM TicketPool retrieveTicket
INFO: Customer retrieved ticket ID 10
Nov 26, 2024 7:41:32 PM Customer run
INFO: Customer 1 successfully purchased ticket ID 10
Nov 26, 2024 7:41:34 PM TicketPool getCurrentSize
INFO: Current ticket pool size: 0
Nov 26, 2024 7:41:34 PM TicketingSystem monitorTicketingOperations
INFO: Monitoring Ticket Pool: Current Size = 0
Nov 26, 2024 7:41:34 PM TicketingSystem monitorTicketingOperations
WARNING: Warning: Ticket pool is empty!
Nov 26, 2024 7:41:34 PM TicketPool retrieveTicket
INFO: Customer is waiting for tickets...
Nov 26, 2024 7:41:39 PM TicketPool getCurrentSize
INFO: Current ticket pool size: 0
Nov 26, 2024 7:41:39 PM TicketingSystem monitorTicketingOperations
INFO: Monitoring Ticket Pool: Current Size = 0
Nov 26, 2024 7:41:39 PM TicketingSystem monitorTicketingOperations
WARNING: Warning: Ticket pool is empty!
Nov 26, 2024 7:41:44 PM TicketPool getCurrentSize
INFO: Current ticket pool size: 0
Nov 26, 2024 7:41:44 PM TicketingSystem monitorTicketingOperations
INFO: Monitoring Ticket Pool: Current Size = 0
Nov 26, 2024 7:41:44 PM TicketingSystem monitorTicketingOperations
WARNING: Warning: Ticket pool is empty!
Nov 26, 2024 7:41:48 PM TicketPool retrieveTicket
SEVERE: Customer was interrupted while waiting for tickets.
Nov 26, 2024 7:41:48 PM Customer run
INFO: Customer 1 found no tickets available.
Nov 26, 2024 7:41:48 PM Customer run
INFO: Customer 1 has finished all attempts.
Nov 26, 2024 7:41:48 PM TicketPool getCurrentSize
INFO: Current ticket pool size: 0
Nov 26, 2024 7:41:48 PM TicketPool updateTicketStatusOnCommand
INFO: TicketStatus table updated successfully with system status: STOP
Nov 26, 2024 7:41:49 PM TicketPool getCurrentSize
INFO: Current ticket pool size: 0
Nov 26, 2024 7:41:49 PM TicketingSystem monitorTicketingOperations
INFO: Monitoring Ticket Pool: Current Size = 0
Nov 26, 2024 7:41:49 PM TicketingSystem monitorTicketingOperations
WARNING: Warning: Ticket pool is empty!
Nov 26, 2024 7:41:54 PM TicketPool getCurrentSize
INFO: Current ticket pool size: 0
Nov 26, 2024 7:41:54 PM TicketingSystem monitorTicketingOperations
INFO: Monitoring Ticket Pool: Current Size = 0
Nov 26, 2024 7:41:54 PM TicketingSystem monitorTicketingOperations
WARNING: Warning: Ticket pool is empty!
Nov 26, 2024 7:41:59 PM TicketPool getCurrentSize
INFO: Current ticket pool size: 0
Nov 26, 2024 7:41:59 PM TicketingSystem monitorTicketingOperations
INFO: Monitoring Ticket Pool: Current Size = 0
Nov 26, 2024 7:41:59 PM TicketingSystem monitorTicketingOperations
WARNING: Warning: Ticket pool is empty!
Nov 26, 2024 7:42:04 PM TicketPool getCurrentSize
INFO: Current ticket pool size: 0
Nov 26, 2024 7:42:04 PM TicketingSystem monitorTicketingOperations
INFO: Monitoring Ticket Pool: Current Size = 0
Nov 26, 2024 7:42:04 PM TicketingSystem monitorTicketingOperations
WARNING: Warning: Ticket pool is empty!
Nov 26, 2024 7:42:06 PM Ticket <init>
INFO: Ticket created: Ticket{id=11, vendorId=1}
Nov 26, 2024 7:42:06 PM TicketPool retrieveTicket
INFO: Customer is waiting for tickets...
Nov 26, 2024 7:42:06 PM TicketPool addTicket
INFO: Vendor 1 added ticket ID 11
Nov 26, 2024 7:42:06 PM Vendor run
INFO: Vendor 1 added ticket: 11
Nov 26, 2024 7:42:06 PM TicketPool getCurrentSize
INFO: Current ticket pool size: 1
Nov 26, 2024 7:42:06 PM TicketingSystem monitorTicketingOperations
INFO: Monitoring Ticket Pool: Current Size = 1
Nov 26, 2024 7:42:06 PM Ticket <init>
INFO: Ticket created: Ticket{id=12, vendorId=1}
Nov 26, 2024 7:42:06 PM TicketPool retrieveTicket
INFO: Customer retrieved ticket ID 11
Nov 26, 2024 7:42:06 PM Customer run
INFO: Customer 1 successfully purchased ticket ID 11
Nov 26, 2024 7:42:06 PM TicketPool addTicket
INFO: Vendor 1 added ticket ID 12
Nov 26, 2024 7:42:06 PM Vendor run
INFO: Vendor 1 added ticket: 12
Nov 26, 2024 7:42:06 PM TicketPool retrieveTicket
INFO: Customer retrieved ticket ID 12
Nov 26, 2024 7:42:06 PM Ticket <init>
INFO: Ticket created: Ticket{id=13, vendorId=1}
Nov 26, 2024 7:42:06 PM TicketPool addTicket
INFO: Vendor 1 added ticket ID 13
Nov 26, 2024 7:42:06 PM Customer run
INFO: Customer 1 successfully purchased ticket ID 12
Nov 26, 2024 7:42:06 PM Vendor run
INFO: Vendor 1 added ticket: 13
Nov 26, 2024 7:42:06 PM Ticket <init>
INFO: Ticket created: Ticket{id=14, vendorId=1}
Nov 26, 2024 7:42:06 PM TicketPool addTicket
INFO: Vendor 1 added ticket ID 14
Nov 26, 2024 7:42:06 PM Vendor run
INFO: Vendor 1 added ticket: 14
Nov 26, 2024 7:42:06 PM Ticket <init>
INFO: Ticket created: Ticket{id=15, vendorId=1}
Nov 26, 2024 7:42:06 PM TicketPool addTicket
INFO: Vendor 1 added ticket ID 15
Nov 26, 2024 7:42:06 PM Vendor run
INFO: Vendor 1 added ticket: 15
Nov 26, 2024 7:42:07 PM Ticket <init>
INFO: Ticket created: Ticket{id=16, vendorId=1}
Nov 26, 2024 7:42:07 PM TicketPool addTicket
INFO: Vendor 1 added ticket ID 16
Nov 26, 2024 7:42:07 PM Vendor run
INFO: Vendor 1 added ticket: 16
Nov 26, 2024 7:42:07 PM Ticket <init>
INFO: Ticket created: Ticket{id=17, vendorId=1}
Nov 26, 2024 7:42:07 PM TicketPool addTicket
INFO: Vendor 1 added ticket ID 17
Nov 26, 2024 7:42:07 PM Vendor run
INFO: Vendor 1 added ticket: 17
Nov 26, 2024 7:42:07 PM Ticket <init>
INFO: Ticket created: Ticket{id=18, vendorId=1}
Nov 26, 2024 7:42:07 PM TicketPool addTicket
INFO: Vendor 1 added ticket ID 18
Nov 26, 2024 7:42:07 PM Vendor run
INFO: Vendor 1 added ticket: 18
Nov 26, 2024 7:42:07 PM Ticket <init>
INFO: Ticket created: Ticket{id=19, vendorId=1}
Nov 26, 2024 7:42:07 PM TicketPool addTicket
INFO: Vendor 1 added ticket ID 19
Nov 26, 2024 7:42:07 PM Vendor run
INFO: Vendor 1 added ticket: 19
Nov 26, 2024 7:42:07 PM Ticket <init>
INFO: Ticket created: Ticket{id=20, vendorId=1}
Nov 26, 2024 7:42:07 PM TicketPool addTicket
INFO: Vendor 1 added ticket ID 20
Nov 26, 2024 7:42:07 PM Vendor run
INFO: Vendor 1 added ticket: 20
Nov 26, 2024 7:42:08 PM TicketPool retrieveTicket
INFO: Customer retrieved ticket ID 13
Nov 26, 2024 7:42:08 PM Customer run
INFO: Customer 1 successfully purchased ticket ID 13
Nov 26, 2024 7:42:08 PM TicketPool retrieveTicket
INFO: Customer retrieved ticket ID 14
Nov 26, 2024 7:42:08 PM Customer run
INFO: Customer 1 successfully purchased ticket ID 14
Nov 26, 2024 7:42:09 PM TicketPool getCurrentSize
INFO: Current ticket pool size: 6
Nov 26, 2024 7:42:09 PM TicketingSystem monitorTicketingOperations
INFO: Monitoring Ticket Pool: Current Size = 6
Nov 26, 2024 7:42:10 PM TicketPool retrieveTicket
INFO: Customer retrieved ticket ID 15
Nov 26, 2024 7:42:10 PM Customer run
INFO: Customer 1 successfully purchased ticket ID 15
Nov 26, 2024 7:42:10 PM TicketPool retrieveTicket
INFO: Customer retrieved ticket ID 16
Nov 26, 2024 7:42:10 PM Customer run
INFO: Customer 1 successfully purchased ticket ID 16
Nov 26, 2024 7:42:11 PM TicketPool getCurrentSize
INFO: Current ticket pool size: 4
Nov 26, 2024 7:42:11 PM TicketingSystem monitorTicketingOperations
INFO: Monitoring Ticket Pool: Current Size = 4
Nov 26, 2024 7:42:12 PM TicketPool retrieveTicket
INFO: Customer retrieved ticket ID 17
Nov 26, 2024 7:42:12 PM Customer run
INFO: Customer 1 successfully purchased ticket ID 17
Nov 26, 2024 7:42:12 PM TicketPool retrieveTicket
INFO: Customer retrieved ticket ID 18
Nov 26, 2024 7:42:12 PM Customer run
INFO: Customer 1 successfully purchased ticket ID 18
Nov 26, 2024 7:42:14 PM TicketPool getCurrentSize
INFO: Current ticket pool size: 2
Nov 26, 2024 7:42:14 PM TicketingSystem monitorTicketingOperations
INFO: Monitoring Ticket Pool: Current Size = 2
Nov 26, 2024 7:42:14 PM TicketPool retrieveTicket
INFO: Customer retrieved ticket ID 19
Nov 26, 2024 7:42:14 PM Customer run
INFO: Customer 1 successfully purchased ticket ID 19
Nov 26, 2024 7:42:14 PM TicketPool retrieveTicket
INFO: Customer retrieved ticket ID 20
Nov 26, 2024 7:42:14 PM Customer run
INFO: Customer 1 successfully purchased ticket ID 20
Nov 26, 2024 7:42:16 PM TicketPool getCurrentSize
INFO: Current ticket pool size: 0
Nov 26, 2024 7:42:16 PM TicketingSystem monitorTicketingOperations
INFO: Monitoring Ticket Pool: Current Size = 0
Nov 26, 2024 7:42:16 PM TicketingSystem monitorTicketingOperations
WARNING: Warning: Ticket pool is empty!
Nov 26, 2024 7:42:16 PM TicketPool retrieveTicket
INFO: Customer is waiting for tickets...
Nov 26, 2024 7:42:19 PM TicketPool getCurrentSize
INFO: Current ticket pool size: 0
Nov 26, 2024 7:42:19 PM TicketingSystem monitorTicketingOperations
INFO: Monitoring Ticket Pool: Current Size = 0
Nov 26, 2024 7:42:19 PM TicketingSystem monitorTicketingOperations
WARNING: Warning: Ticket pool is empty!
Nov 26, 2024 7:42:21 PM TicketPool getCurrentSize
INFO: Current ticket pool size: 0
Nov 26, 2024 7:42:21 PM TicketingSystem monitorTicketingOperations
INFO: Monitoring Ticket Pool: Current Size = 0
Nov 26, 2024 7:42:21 PM TicketingSystem monitorTicketingOperations
WARNING: Warning: Ticket pool is empty!
Nov 26, 2024 7:42:24 PM TicketPool getCurrentSize
INFO: Current ticket pool size: 0
Nov 26, 2024 7:42:24 PM TicketingSystem monitorTicketingOperations
INFO: Monitoring Ticket Pool: Current Size = 0
Nov 26, 2024 7:42:24 PM TicketingSystem monitorTicketingOperations
WARNING: Warning: Ticket pool is empty!
Nov 26, 2024 7:42:26 PM TicketingSystem controlSystem
INFO: Exiting the Ticketing System CLI
Nov 26, 2024 7:42:26 PM TicketPool retrieveTicket
SEVERE: Customer was interrupted while waiting for tickets.
Nov 26, 2024 7:42:26 PM Customer run
INFO: Customer 1 found no tickets available.
Nov 26, 2024 7:42:26 PM Customer run
INFO: Customer 1 has finished all attempts.
Nov 26, 2024 7:42:26 PM TicketPool getCurrentSize
INFO: Current ticket pool size: 0
Nov 26, 2024 7:42:26 PM TicketPool updateTicketStatusOnCommand
INFO: TicketStatus table updated successfully with system status: EXIT
