Nov 24, 2024 10:44:05 PM TicketingSystem main
INFO: Starting the Ticketing System CLI
Nov 24, 2024 10:44:05 PM SystemConfiguration initializeConfiguration
INFO: Initializing system configuration...
Nov 24, 2024 10:44:14 PM SystemConfiguration getValidInput
WARNING: Invalid Number format. Expected range: 1 - 2147483647
Nov 24, 2024 10:44:23 PM SystemConfiguration getValidInput
WARNING: Invalid Number format. Expected range: 1 - 2147483647
Nov 24, 2024 10:44:37 PM SystemConfiguration getValidInput
WARNING: Invalid Number format. Expected range: 1 - 2147483647
Nov 24, 2024 10:44:51 PM SystemConfiguration getValidInput
WARNING: Invalid Number format. Expected range: 1 - 2147483647
Nov 24, 2024 10:45:24 PM SystemConfiguration getValidInput
WARNING: Invalid Number format. Expected range: 1 - 2147483647
Nov 24, 2024 10:45:29 PM SystemConfiguration getValidInput
WARNING: Invalid input. Expected range: 1 - 2147483647
Nov 24, 2024 10:46:09 PM SystemConfiguration getValidInput
WARNING: Invalid Number format. Expected range: 1 - 2147483647
Nov 24, 2024 10:46:12 PM SystemConfiguration getValidInput
WARNING: Invalid Number format. Expected range: 1 - 2147483647
Nov 24, 2024 10:46:16 PM SystemConfiguration getValidInput
WARNING: Invalid Number format. Expected range: 1 - 2147483647
Nov 24, 2024 10:46:18 PM SystemConfiguration getValidInput
WARNING: Invalid input. Expected range: 1 - 2147483647
Nov 24, 2024 10:46:20 PM SystemConfiguration getValidInput
WARNING: Invalid input. Expected range: 1 - 2147483647
Nov 24, 2024 10:46:49 PM SystemConfiguration initializeConfiguration
INFO: System configuration initialized successfully.
Nov 24, 2024 10:46:49 PM SystemConfiguration initializeConfiguration
INFO: System configuration saved to file successfully.
Nov 24, 2024 10:46:49 PM TicketPool <init>
INFO: Ticket pool initialized with maxCapacity: 50
Nov 24, 2024 11:12:22 PM Ticket <init>
INFO: Ticket created: Ticket{id=1, vendorId=1}
Nov 24, 2024 11:12:22 PM TicketPool retrieveTicket
INFO: Customer is waiting for tickets...
Nov 24, 2024 11:12:22 PM TicketPool addTicket
INFO: Vendor 1 added ticket ID 1
Nov 24, 2024 11:12:22 PM Vendor run
INFO: Vendor 1 added ticket: 1
Nov 24, 2024 11:12:22 PM Ticket <init>
INFO: Ticket created: Ticket{id=2, vendorId=1}
Nov 24, 2024 11:12:22 PM TicketPool addTicket
INFO: Vendor 1 added ticket ID 2
Nov 24, 2024 11:12:22 PM Vendor run
INFO: Vendor 1 added ticket: 2
Nov 24, 2024 11:12:22 PM Ticket <init>
INFO: Ticket created: Ticket{id=3, vendorId=1}
Nov 24, 2024 11:12:22 PM TicketPool addTicket
INFO: Vendor 1 added ticket ID 3
Nov 24, 2024 11:12:22 PM Vendor run
INFO: Vendor 1 added ticket: 3
Nov 24, 2024 11:12:22 PM Ticket <init>
INFO: Ticket created: Ticket{id=4, vendorId=1}
Nov 24, 2024 11:12:22 PM TicketPool getCurrentSize
INFO: Current ticket pool size: 3
Nov 24, 2024 11:12:22 PM TicketPool addTicket
INFO: Vendor 1 added ticket ID 4
Nov 24, 2024 11:12:22 PM TicketingSystem monitorTicketingOperations
INFO: Monitoring Ticket Pool: Current Size = 3
Nov 24, 2024 11:12:22 PM Vendor run
INFO: Vendor 1 added ticket: 4
Nov 24, 2024 11:12:22 PM TicketPool retrieveTicket
INFO: Customer retrieved ticket ID 1
Nov 24, 2024 11:12:22 PM Ticket <init>
INFO: Ticket created: Ticket{id=5, vendorId=1}
Nov 24, 2024 11:12:22 PM TicketPool addTicket
INFO: Vendor 1 added ticket ID 5
Nov 24, 2024 11:12:22 PM Vendor run
INFO: Vendor 1 added ticket: 5
Nov 24, 2024 11:12:22 PM Customer run
INFO: Customer 1 successfully purchased ticket ID 1
Nov 24, 2024 11:12:22 PM TicketPool retrieveTicket
INFO: Customer retrieved ticket ID 2
Nov 24, 2024 11:12:22 PM Customer run
INFO: Customer 1 successfully purchased ticket ID 2
Nov 24, 2024 11:12:23 PM Ticket <init>
INFO: Ticket created: Ticket{id=6, vendorId=1}
Nov 24, 2024 11:12:23 PM TicketPool addTicket
INFO: Vendor 1 added ticket ID 6
Nov 24, 2024 11:12:23 PM Vendor run
INFO: Vendor 1 added ticket: 6
Nov 24, 2024 11:12:23 PM Ticket <init>
INFO: Ticket created: Ticket{id=7, vendorId=1}
Nov 24, 2024 11:12:23 PM TicketPool addTicket
INFO: Vendor 1 added ticket ID 7
Nov 24, 2024 11:12:23 PM Vendor run
INFO: Vendor 1 added ticket: 7
Nov 24, 2024 11:12:23 PM Ticket <init>
INFO: Ticket created: Ticket{id=8, vendorId=1}
Nov 24, 2024 11:12:23 PM TicketPool addTicket
INFO: Vendor 1 added ticket ID 8
Nov 24, 2024 11:12:23 PM Vendor run
INFO: Vendor 1 added ticket: 8
Nov 24, 2024 11:12:23 PM Ticket <init>
INFO: Ticket created: Ticket{id=9, vendorId=1}
Nov 24, 2024 11:12:23 PM TicketPool addTicket
INFO: Vendor 1 added ticket ID 9
Nov 24, 2024 11:12:23 PM Vendor run
INFO: Vendor 1 added ticket: 9
Nov 24, 2024 11:12:23 PM Ticket <init>
INFO: Ticket created: Ticket{id=10, vendorId=1}
Nov 24, 2024 11:12:23 PM TicketPool addTicket
INFO: Vendor 1 added ticket ID 10
Nov 24, 2024 11:12:23 PM Vendor run
INFO: Vendor 1 added ticket: 10
Nov 24, 2024 11:12:24 PM TicketPool retrieveTicket
INFO: Customer retrieved ticket ID 3
Nov 24, 2024 11:12:24 PM Customer run
INFO: Customer 1 successfully purchased ticket ID 3
Nov 24, 2024 11:12:24 PM TicketPool retrieveTicket
INFO: Customer retrieved ticket ID 4
Nov 24, 2024 11:12:24 PM Customer run
INFO: Customer 1 successfully purchased ticket ID 4
Nov 24, 2024 11:12:26 PM TicketPool retrieveTicket
INFO: Customer retrieved ticket ID 5
Nov 24, 2024 11:12:26 PM Customer run
INFO: Customer 1 successfully purchased ticket ID 5
Nov 24, 2024 11:12:26 PM TicketPool retrieveTicket
INFO: Customer retrieved ticket ID 6
Nov 24, 2024 11:12:26 PM Customer run
INFO: Customer 1 successfully purchased ticket ID 6
Nov 24, 2024 11:12:27 PM TicketPool getCurrentSize
INFO: Current ticket pool size: 4
Nov 24, 2024 11:12:27 PM TicketingSystem monitorTicketingOperations
INFO: Monitoring Ticket Pool: Current Size = 4
Nov 24, 2024 11:12:27 PM Customer run
WARNING: Customer 1 was interrupted.
Nov 24, 2024 11:12:27 PM Customer run
INFO: Customer 1 has finished all attempts.
Nov 24, 2024 11:12:27 PM TicketPool getCurrentSize
INFO: Current ticket pool size: 4
Nov 24, 2024 11:12:27 PM TicketPool updateTicketStatusOnCommand
INFO: TicketStatus table updated successfully with system status: STOP
Nov 24, 2024 11:12:32 PM TicketPool getCurrentSize
INFO: Current ticket pool size: 4
Nov 24, 2024 11:12:32 PM TicketingSystem monitorTicketingOperations
INFO: Monitoring Ticket Pool: Current Size = 4
Nov 24, 2024 11:12:37 PM TicketPool getCurrentSize
INFO: Current ticket pool size: 4
Nov 24, 2024 11:12:37 PM TicketingSystem monitorTicketingOperations
INFO: Monitoring Ticket Pool: Current Size = 4
Nov 24, 2024 11:12:42 PM TicketPool getCurrentSize
INFO: Current ticket pool size: 4
Nov 24, 2024 11:12:42 PM TicketingSystem monitorTicketingOperations
INFO: Monitoring Ticket Pool: Current Size = 4
Nov 24, 2024 11:12:47 PM TicketPool getCurrentSize
INFO: Current ticket pool size: 4
Nov 24, 2024 11:12:47 PM TicketingSystem monitorTicketingOperations
INFO: Monitoring Ticket Pool: Current Size = 4
